<?xml version="1.0" encoding="UTF-8"?>
<!-- Generated by org.testng.reporters.JUnitXMLReporter -->
<testsuite hostname="MIT01524" ignored="0" name="Payment Gateway UAT Braintree Regression Test Cases" tests="17" failures="1" timestamp="17 Feb 2019 06:32:22 GMT" time="1154.107" errors="0">
  <testcase name="testCreateDomainAndMajorProductOrderInSalesDB" time="84.584" classname="com.paymentgateway.uat.domainz.testcases.RegressionSalesDB"/>
  <testcase name="testDomainRegistration2WorkflowInConsoleAdmin" time="81.258" classname="com.paymentgateway.uat.domainz.testcases.RegressionSalesDB"/>
  <testcase name="testProductSetup2WorkflowInConsoleAdmin" time="94.051" classname="com.paymentgateway.uat.domainz.testcases.RegressionSalesDB"/>
  <testcase name="testPaySingleInvoiceInConsoleAdmin" time="84.145" classname="com.paymentgateway.uat.domainz.testcases.RegressionSalesDB"/>
  <testcase name="testRefundPaymentFromSalesDB" time="45.332" classname="com.paymentgateway.uat.domainz.testcases.RegressionSalesDB"/>
  <testcase name="testPayInvoiceUsingExistingCardFromSalesDB" time="41.193" classname="com.paymentgateway.uat.domainz.testcases.RegressionSalesDB"/>
  <testcase name="testViewBillingInConsoleAdmin" time="43.162" classname="com.paymentgateway.uat.domainz.testcases.RegressionConsoleAdmin"/>
  <testcase name="testUpdateExpiryInConsoleAdmin" time="15.741" classname="com.paymentgateway.uat.domainz.testcases.RegressionConsoleAdmin"/>
  <testcase name="testCreateDomainAndMajorProductOrderInSalesDB" time="83.303" classname="com.paymentgateway.uat.netregistry.testcases.RegressionSalesDB"/>
  <testcase name="testDomainRegistration2WorkflowInConsoleAdmin" time="90.429" classname="com.paymentgateway.uat.netregistry.testcases.RegressionSalesDB"/>
  <testcase name="testProductSetup2WorkflowInConsoleAdmin" time="101.395" classname="com.paymentgateway.uat.netregistry.testcases.RegressionSalesDB"/>
  <testcase name="testPaySingleInvoiceInConsoleAdmin" time="85.633" classname="com.paymentgateway.uat.netregistry.testcases.RegressionSalesDB"/>
  <testcase name="testRefundPaymentFromSalesDB" time="45.749" classname="com.paymentgateway.uat.netregistry.testcases.RegressionSalesDB"/>
  <testcase name="testPayInvoiceUsingExistingCardFromSalesDB" time="38.375" classname="com.paymentgateway.uat.netregistry.testcases.RegressionSalesDB"/>
  <testcase name="testCreateDomainAndMajorProductOrderInSalesDB" time="83.268" classname="com.paymentgateway.uat.melbourneit.testcases.RegressionSalesDB"/>
  <testcase name="testDomainRegistration2WorkflowInConsoleAdmin" time="43.98" classname="com.paymentgateway.uat.melbourneit.testcases.RegressionSalesDB">
    <failure type="org.openqa.selenium.NoSuchElementException" message="no such element: Unable to locate element: {&amp;quot;method&amp;quot;:&amp;quot;xpath&amp;quot;,&amp;quot;selector&amp;quot;:&amp;quot;//tbody/tr[3]/td[contains(text(),&amp;apos;check asic&amp;apos;)]/parent::tr/td[3]/a[text()=&amp;apos;Execute&amp;apos;]&amp;quot;}
  (Session info: chrome=72.0.3626.109)
  (Driver info: chromedriver=2.45.615291 (ec3682e3c9061c10f26ea9e5cdcf3c53f3f74387),platform=Windows NT 10.0.14393 x86_64) (WARNING: The server did not provide any stacktrace information)
Command duration or timeout: 0 milliseconds
For documentation on this error, please visit: http://seleniumhq.org/exceptions/no_such_element.html
Build info: version: &amp;apos;3.10.0&amp;apos;, revision: &amp;apos;176b4a9&amp;apos;, time: &amp;apos;2018-03-02T19:03:16.397Z&amp;apos;
System info: host: &amp;apos;MIT01524&amp;apos;, ip: &amp;apos;192.168.153.17&amp;apos;, os.name: &amp;apos;Windows 10&amp;apos;, os.arch: &amp;apos;amd64&amp;apos;, os.version: &amp;apos;10.0&amp;apos;, java.version: &amp;apos;1.8.0_191&amp;apos;
Driver info: org.openqa.selenium.chrome.ChromeDriver
Capabilities {acceptInsecureCerts: false, acceptSslCerts: false, applicationCacheEnabled: false, browserConnectionEnabled: false, browserName: chrome, chrome: {chromedriverVersion: 2.45.615291 (ec3682e3c9061c..., userDataDir: C:\Users\ROY~1.ALC\AppData\...}, cssSelectorsEnabled: true, databaseEnabled: false, goog:chromeOptions: {debuggerAddress: localhost:60565}, handlesAlerts: true, hasTouchScreen: false, javascriptEnabled: true, locationContextEnabled: true, mobileEmulationEnabled: false, nativeEvents: true, networkConnectionEnabled: false, pageLoadStrategy: normal, platform: XP, platformName: XP, proxy: Proxy(), rotatable: false, setWindowRect: true, strictFileInteractability: false, takesHeapSnapshot: true, takesScreenshot: true, timeouts: {implicit: 0, pageLoad: 300000, script: 30000}, unexpectedAlertBehaviour: ignore, unhandledPromptBehavior: ignore, version: 72.0.3626.109, webStorageEnabled: true}
Session ID: 03c4cd84e181a96eccefa774e03b7371
*** Element info: {Using=xpath, value=//tbody/tr[3]/td[contains(text(),&amp;apos;check asic&amp;apos;)]/parent::tr/td[3]/a[text()=&amp;apos;Execute&amp;apos;]}">
      <![CDATA[org.openqa.selenium.NoSuchElementException: no such element: Unable to locate element: {"method":"xpath","selector":"//tbody/tr[3]/td[contains(text(),'check asic')]/parent::tr/td[3]/a[text()='Execute']"}
  (Session info: chrome=72.0.3626.109)
  (Driver info: chromedriver=2.45.615291 (ec3682e3c9061c10f26ea9e5cdcf3c53f3f74387),platform=Windows NT 10.0.14393 x86_64) (WARNING: The server did not provide any stacktrace information)
Command duration or timeout: 0 milliseconds
For documentation on this error, please visit: http://seleniumhq.org/exceptions/no_such_element.html
Build info: version: '3.10.0', revision: '176b4a9', time: '2018-03-02T19:03:16.397Z'
System info: host: 'MIT01524', ip: '192.168.153.17', os.name: 'Windows 10', os.arch: 'amd64', os.version: '10.0', java.version: '1.8.0_191'
Driver info: org.openqa.selenium.chrome.ChromeDriver
Capabilities {acceptInsecureCerts: false, acceptSslCerts: false, applicationCacheEnabled: false, browserConnectionEnabled: false, browserName: chrome, chrome: {chromedriverVersion: 2.45.615291 (ec3682e3c9061c..., userDataDir: C:\Users\ROY~1.ALC\AppData\...}, cssSelectorsEnabled: true, databaseEnabled: false, goog:chromeOptions: {debuggerAddress: localhost:60565}, handlesAlerts: true, hasTouchScreen: false, javascriptEnabled: true, locationContextEnabled: true, mobileEmulationEnabled: false, nativeEvents: true, networkConnectionEnabled: false, pageLoadStrategy: normal, platform: XP, platformName: XP, proxy: Proxy(), rotatable: false, setWindowRect: true, strictFileInteractability: false, takesHeapSnapshot: true, takesScreenshot: true, timeouts: {implicit: 0, pageLoad: 300000, script: 30000}, unexpectedAlertBehaviour: ignore, unhandledPromptBehavior: ignore, version: 72.0.3626.109, webStorageEnabled: true}
Session ID: 03c4cd84e181a96eccefa774e03b7371
*** Element info: {Using=xpath, value=//tbody/tr[3]/td[contains(text(),'check asic')]/parent::tr/td[3]/a[text()='Execute']}
at org.openqa.selenium.remote.ErrorHandler.createThrowable(ErrorHandler.java:214)
at org.openqa.selenium.remote.ErrorHandler.throwIfResponseFailed(ErrorHandler.java:166)
at org.openqa.selenium.remote.http.JsonHttpResponseCodec.reconstructValue(JsonHttpResponseCodec.java:40)
at org.openqa.selenium.remote.http.AbstractHttpResponseCodec.decode(AbstractHttpResponseCodec.java:80)
at org.openqa.selenium.remote.http.AbstractHttpResponseCodec.decode(AbstractHttpResponseCodec.java:44)
at org.openqa.selenium.remote.HttpCommandExecutor.execute(HttpCommandExecutor.java:160)
at org.openqa.selenium.remote.service.DriverCommandExecutor.execute(DriverCommandExecutor.java:83)
at org.openqa.selenium.remote.RemoteWebDriver.execute(RemoteWebDriver.java:601)
at org.openqa.selenium.remote.RemoteWebDriver.findElement(RemoteWebDriver.java:371)
at org.openqa.selenium.remote.RemoteWebDriver.findElementByXPath(RemoteWebDriver.java:473)
at org.openqa.selenium.By$ByXPath.findElement(By.java:361)
at org.openqa.selenium.remote.RemoteWebDriver.findElement(RemoteWebDriver.java:363)
at org.openqa.selenium.support.events.EventFiringWebDriver.lambda$new$1(EventFiringWebDriver.java:103)
at com.sun.proxy.$Proxy10.findElement(Unknown Source)
at org.openqa.selenium.support.events.EventFiringWebDriver.findElement(EventFiringWebDriver.java:186)
at com.consoleadmin.pages.CAWorkflowAdminPage.processCheckASIC(CAWorkflowAdminPage.java:72)
at com.consoleadmin.pages.CAWorkflowAdminPage.processDomainRegistration2Workflow(CAWorkflowAdminPage.java:50)
at com.paymentgateway.uat.melbourneit.testcases.RegressionSalesDB.testDomainRegistration2WorkflowInConsoleAdmin(RegressionSalesDB.java:174)
at java.util.concurrent.FutureTask.run(Unknown Source)
at java.util.concurrent.ThreadPoolExecutor.runWorker(Unknown Source)
at java.util.concurrent.ThreadPoolExecutor$Worker.run(Unknown Source)
at java.lang.Thread.run(Unknown Source)
... Removed 23 stack frames]]>
    </failure>
  </testcase> <!-- testDomainRegistration2WorkflowInConsoleAdmin -->
  <testcase name="testProductSetup2WorkflowInConsoleAdmin" time="92.429" classname="com.paymentgateway.uat.melbourneit.testcases.RegressionSalesDB"/>
</testsuite> <!-- Payment Gateway UAT Braintree Regression Test Cases -->
