<!DOCTYPE html>

<html>
  <head>
  <meta charset='utf-8'>
  <title>TestNG reports</title>

    <link type="text/css" href="testng-reports.css" rel="stylesheet" />
    <script type="text/javascript" src="jquery-1.7.1.min.js"></script>
    <script type="text/javascript" src="testng-reports.js"></script>
    <script type="text/javascript" src="https://www.google.com/jsapi"></script>
    <script type='text/javascript'>
      google.load('visualization', '1', {packages:['table']});
      google.setOnLoadCallback(drawTable);
      var suiteTableInitFunctions = new Array();
      var suiteTableData = new Array();
    </script>
    <!--
      <script type="text/javascript" src="jquery-ui/js/jquery-ui-1.8.16.custom.min.js"></script>
     -->
  </head>

  <body>
    <div class="top-banner-root">
      <span class="top-banner-title-font">Test results</span>
      <br/>
      <span class="top-banner-font-1">1 suite, 5 failed tests</span>
    </div> <!-- top-banner-root -->
    <div class="navigator-root">
      <div class="navigator-suite-header">
        <span>All suites</span>
        <a href="#" class="collapse-all-link" title="Collapse/expand all the suites">
          <img class="collapse-all-icon" src="collapseall.gif">
          </img> <!-- collapse-all-icon -->
        </a> <!-- collapse-all-link -->
      </div> <!-- navigator-suite-header -->
      <div class="suite">
        <div class="rounded-window">
          <div class="suite-header light-rounded-window-top">
            <a href="#" class="navigator-link" panel-name="suite-Payment_Gateway_UAT_Quest_Regression_Test_Suite">
              <span class="suite-name border-failed">Payment Gateway UAT Quest Regression Test Suite</span>
            </a> <!-- navigator-link -->
          </div> <!-- suite-header light-rounded-window-top -->
          <div class="navigator-suite-content">
            <div class="suite-section-title">
              <span>Info</span>
            </div> <!-- suite-section-title -->
            <div class="suite-section-content">
              <ul>
                <li>
                  <a href="#" class="navigator-link " panel-name="test-xml-Payment_Gateway_UAT_Quest_Regression_Test_Suite">
                    <span>C:\Users\roy.alcantara\Desktop\Automation\TestAutomationProject\src\main\resources\testng_PaymentGateway_UAT_QuestRegressionTest.xml</span>
                  </a> <!-- navigator-link  -->
                </li>
                <li>
                  <a href="#" class="navigator-link " panel-name="testlist-Payment_Gateway_UAT_Quest_Regression_Test_Suite">
                    <span class="test-stats">1 test</span>
                  </a> <!-- navigator-link  -->
                </li>
                <li>
                  <a href="#" class="navigator-link " panel-name="group-Payment_Gateway_UAT_Quest_Regression_Test_Suite">
                    <span>0 groups</span>
                  </a> <!-- navigator-link  -->
                </li>
                <li>
                  <a href="#" class="navigator-link " panel-name="times-Payment_Gateway_UAT_Quest_Regression_Test_Suite">
                    <span>Times</span>
                  </a> <!-- navigator-link  -->
                </li>
                <li>
                  <a href="#" class="navigator-link " panel-name="reporter-Payment_Gateway_UAT_Quest_Regression_Test_Suite">
                    <span>Reporter output</span>
                  </a> <!-- navigator-link  -->
                </li>
                <li>
                  <a href="#" class="navigator-link " panel-name="ignored-methods-Payment_Gateway_UAT_Quest_Regression_Test_Suite">
                    <span>Ignored methods</span>
                  </a> <!-- navigator-link  -->
                </li>
                <li>
                  <a href="#" class="navigator-link " panel-name="chronological-Payment_Gateway_UAT_Quest_Regression_Test_Suite">
                    <span>Chronological view</span>
                  </a> <!-- navigator-link  -->
                </li>
              </ul>
            </div> <!-- suite-section-content -->
            <div class="result-section">
              <div class="suite-section-title">
                <span>Results</span>
              </div> <!-- suite-section-title -->
              <div class="suite-section-content">
                <ul>
                  <li>
                    <span class="method-stats">35 methods, 5 failed,   30 passed</span>
                  </li>
                  <li>
                    <span class="method-list-title failed">Failed methods</span>
                    <span class="show-or-hide-methods failed">
                      <a href="#" panel-name="suite-Payment_Gateway_UAT_Quest_Regression_Test_Suite" class="hide-methods failed suite-Payment_Gateway_UAT_Quest_Regression_Test_Suite"> (hide)</a> <!-- hide-methods failed suite-Payment_Gateway_UAT_Quest_Regression_Test_Suite -->
                      <a href="#" panel-name="suite-Payment_Gateway_UAT_Quest_Regression_Test_Suite" class="show-methods failed suite-Payment_Gateway_UAT_Quest_Regression_Test_Suite"> (show)</a> <!-- show-methods failed suite-Payment_Gateway_UAT_Quest_Regression_Test_Suite -->
                    </span>
                    <div class="method-list-content failed suite-Payment_Gateway_UAT_Quest_Regression_Test_Suite">
                      <span>
                        <img width="3%" src="failed.png"/>
                        <a href="#" class="method navigator-link" panel-name="suite-Payment_Gateway_UAT_Quest_Regression_Test_Suite" title="com.paymentgateway.uat.webcentral.testcases.RegressionSalesDB" hash-for-method="testCreateDomainAndMajorProductOrderInSalesDB(uat1, quest)">testCreateDomainAndMajorProductOrderInSalesDB(uat1, quest)</a> <!-- method navigator-link -->
                      </span>
                      <br/>
                      <span>
                        <img width="3%" src="failed.png"/>
                        <a href="#" class="method navigator-link" panel-name="suite-Payment_Gateway_UAT_Quest_Regression_Test_Suite" title="com.paymentgateway.uat.dps.testcases.RegressionSalesDB" hash-for-method="testDomainRegistration2WorkflowInConsoleAdmin(uat1, quest, disabled)">testDomainRegistration2WorkflowInConsoleAdmin(uat1, quest, disabled)</a> <!-- method navigator-link -->
                      </span>
                      <br/>
                      <span>
                        <img width="3%" src="failed.png"/>
                        <a href="#" class="method navigator-link" panel-name="suite-Payment_Gateway_UAT_Quest_Regression_Test_Suite" title="com.paymentgateway.uat.webcentral.testcases.RegressionSalesDB" hash-for-method="testDomainRegistration2WorkflowInConsoleAdmin(uat1, quest, disabled)">testDomainRegistration2WorkflowInConsoleAdmin(uat1, quest, disabled)</a> <!-- method navigator-link -->
                      </span>
                      <br/>
                      <span>
                        <img width="3%" src="failed.png"/>
                        <a href="#" class="method navigator-link" panel-name="suite-Payment_Gateway_UAT_Quest_Regression_Test_Suite" title="com.paymentgateway.uat.webcentral.testcases.RegressionSalesDB" hash-for-method="testPayInvoiceUsingExistingCardFromSalesDB(uat1, quest)">testPayInvoiceUsingExistingCardFromSalesDB(uat1, quest)</a> <!-- method navigator-link -->
                      </span>
                      <br/>
                      <span>
                        <img width="3%" src="failed.png"/>
                        <a href="#" class="method navigator-link" panel-name="suite-Payment_Gateway_UAT_Quest_Regression_Test_Suite" title="com.paymentgateway.uat.webcentral.testcases.RegressionSalesDB" hash-for-method="testProductSetup2WorkflowInConsoleAdmin(uat1, quest)">testProductSetup2WorkflowInConsoleAdmin(uat1, quest)</a> <!-- method navigator-link -->
                      </span>
                      <br/>
                    </div> <!-- method-list-content failed suite-Payment_Gateway_UAT_Quest_Regression_Test_Suite -->
                  </li>
                  <li>
                    <span class="method-list-title passed">Passed methods</span>
                    <span class="show-or-hide-methods passed">
                      <a href="#" panel-name="suite-Payment_Gateway_UAT_Quest_Regression_Test_Suite" class="hide-methods passed suite-Payment_Gateway_UAT_Quest_Regression_Test_Suite"> (hide)</a> <!-- hide-methods passed suite-Payment_Gateway_UAT_Quest_Regression_Test_Suite -->
                      <a href="#" panel-name="suite-Payment_Gateway_UAT_Quest_Regression_Test_Suite" class="show-methods passed suite-Payment_Gateway_UAT_Quest_Regression_Test_Suite"> (show)</a> <!-- show-methods passed suite-Payment_Gateway_UAT_Quest_Regression_Test_Suite -->
                    </span>
                    <div class="method-list-content passed suite-Payment_Gateway_UAT_Quest_Regression_Test_Suite">
                      <span>
                        <img width="3%" src="passed.png"/>
                        <a href="#" class="method navigator-link" panel-name="suite-Payment_Gateway_UAT_Quest_Regression_Test_Suite" title="com.paymentgateway.uat.dps.testcases.RegressionSalesDB" hash-for-method="testCreateDomainAndMajorProductOrderInSalesDB(uat1, quest)">testCreateDomainAndMajorProductOrderInSalesDB(uat1, quest)</a> <!-- method navigator-link -->
                      </span>
                      <br/>
                      <span>
                        <img width="3%" src="passed.png"/>
                        <a href="#" class="method navigator-link" panel-name="suite-Payment_Gateway_UAT_Quest_Regression_Test_Suite" title="com.paymentgateway.uat.netregistry.testcases.RegressionSalesDB" hash-for-method="testCreateDomainAndMajorProductOrderInSalesDB(uat1, quest)">testCreateDomainAndMajorProductOrderInSalesDB(uat1, quest)</a> <!-- method navigator-link -->
                      </span>
                      <br/>
                      <span>
                        <img width="3%" src="passed.png"/>
                        <a href="#" class="method navigator-link" panel-name="suite-Payment_Gateway_UAT_Quest_Regression_Test_Suite" title="com.paymentgateway.uat.tpp.testcases.RegressionSalesDB" hash-for-method="testCreateDomainAndMajorProductOrderInSalesDB(uat1, quest)">testCreateDomainAndMajorProductOrderInSalesDB(uat1, quest)</a> <!-- method navigator-link -->
                      </span>
                      <br/>
                      <span>
                        <img width="3%" src="passed.png"/>
                        <a href="#" class="method navigator-link" panel-name="suite-Payment_Gateway_UAT_Quest_Regression_Test_Suite" title="com.paymentgateway.uat.domainz.testcases.RegressionSalesDB" hash-for-method="testCreateDomainAndMajorProductOrderInSalesDB(uat1, quest)">testCreateDomainAndMajorProductOrderInSalesDB(uat1, quest)</a> <!-- method navigator-link -->
                      </span>
                      <br/>
                      <span>
                        <img width="3%" src="passed.png"/>
                        <a href="#" class="method navigator-link" panel-name="suite-Payment_Gateway_UAT_Quest_Regression_Test_Suite" title="com.paymentgateway.uat.melbourneit.testcases.RegressionSalesDB" hash-for-method="testCreateDomainAndMajorProductOrderInSalesDB(uat1, quest)">testCreateDomainAndMajorProductOrderInSalesDB(uat1, quest)</a> <!-- method navigator-link -->
                      </span>
                      <br/>
                      <span>
                        <img width="3%" src="passed.png"/>
                        <a href="#" class="method navigator-link" panel-name="suite-Payment_Gateway_UAT_Quest_Regression_Test_Suite" title="com.paymentgateway.uat.netregistry.testcases.RegressionSalesDB" hash-for-method="testDomainRegistration2WorkflowInConsoleAdmin(uat1, quest, disabled)">testDomainRegistration2WorkflowInConsoleAdmin(uat1, quest, disabled)</a> <!-- method navigator-link -->
                      </span>
                      <br/>
                      <span>
                        <img width="3%" src="passed.png"/>
                        <a href="#" class="method navigator-link" panel-name="suite-Payment_Gateway_UAT_Quest_Regression_Test_Suite" title="com.paymentgateway.uat.domainz.testcases.RegressionSalesDB" hash-for-method="testDomainRegistration2WorkflowInConsoleAdmin(uat1, quest, disabled)">testDomainRegistration2WorkflowInConsoleAdmin(uat1, quest, disabled)</a> <!-- method navigator-link -->
                      </span>
                      <br/>
                      <span>
                        <img width="3%" src="passed.png"/>
                        <a href="#" class="method navigator-link" panel-name="suite-Payment_Gateway_UAT_Quest_Regression_Test_Suite" title="com.paymentgateway.uat.tpp.testcases.RegressionSalesDB" hash-for-method="testDomainRegistration2WorkflowInConsoleAdmin(uat1, quest, disabled)">testDomainRegistration2WorkflowInConsoleAdmin(uat1, quest, disabled)</a> <!-- method navigator-link -->
                      </span>
                      <br/>
                      <span>
                        <img width="3%" src="passed.png"/>
                        <a href="#" class="method navigator-link" panel-name="suite-Payment_Gateway_UAT_Quest_Regression_Test_Suite" title="com.paymentgateway.uat.melbourneit.testcases.RegressionSalesDB" hash-for-method="testDomainRegistration2WorkflowInConsoleAdmin(uat1, quest, disabled)">testDomainRegistration2WorkflowInConsoleAdmin(uat1, quest, disabled)</a> <!-- method navigator-link -->
                      </span>
                      <br/>
                      <span>
                        <img width="3%" src="passed.png"/>
                        <a href="#" class="method navigator-link" panel-name="suite-Payment_Gateway_UAT_Quest_Regression_Test_Suite" title="com.paymentgateway.uat.dps.testcases.RegressionSalesDB" hash-for-method="testPayInvoiceUsingExistingCardFromSalesDB(uat1, quest)">testPayInvoiceUsingExistingCardFromSalesDB(uat1, quest)</a> <!-- method navigator-link -->
                      </span>
                      <br/>
                      <span>
                        <img width="3%" src="passed.png"/>
                        <a href="#" class="method navigator-link" panel-name="suite-Payment_Gateway_UAT_Quest_Regression_Test_Suite" title="com.paymentgateway.uat.tpp.testcases.RegressionSalesDB" hash-for-method="testPayInvoiceUsingExistingCardFromSalesDB(uat1, quest)">testPayInvoiceUsingExistingCardFromSalesDB(uat1, quest)</a> <!-- method navigator-link -->
                      </span>
                      <br/>
                      <span>
                        <img width="3%" src="passed.png"/>
                        <a href="#" class="method navigator-link" panel-name="suite-Payment_Gateway_UAT_Quest_Regression_Test_Suite" title="com.paymentgateway.uat.domainz.testcases.RegressionSalesDB" hash-for-method="testPayInvoiceUsingExistingCardFromSalesDB(uat1, quest)">testPayInvoiceUsingExistingCardFromSalesDB(uat1, quest)</a> <!-- method navigator-link -->
                      </span>
                      <br/>
                      <span>
                        <img width="3%" src="passed.png"/>
                        <a href="#" class="method navigator-link" panel-name="suite-Payment_Gateway_UAT_Quest_Regression_Test_Suite" title="com.paymentgateway.uat.netregistry.testcases.RegressionSalesDB" hash-for-method="testPayInvoiceUsingExistingCardFromSalesDB(uat1, quest)">testPayInvoiceUsingExistingCardFromSalesDB(uat1, quest)</a> <!-- method navigator-link -->
                      </span>
                      <br/>
                      <span>
                        <img width="3%" src="passed.png"/>
                        <a href="#" class="method navigator-link" panel-name="suite-Payment_Gateway_UAT_Quest_Regression_Test_Suite" title="com.paymentgateway.uat.webcentral.testcases.RegressionSalesDB" hash-for-method="testPaySingleInvoiceInConsoleAdmin(uat1, quest)">testPaySingleInvoiceInConsoleAdmin(uat1, quest)</a> <!-- method navigator-link -->
                      </span>
                      <br/>
                      <span>
                        <img width="3%" src="passed.png"/>
                        <a href="#" class="method navigator-link" panel-name="suite-Payment_Gateway_UAT_Quest_Regression_Test_Suite" title="com.paymentgateway.uat.dps.testcases.RegressionSalesDB" hash-for-method="testPaySingleInvoiceInConsoleAdmin(uat1, quest)">testPaySingleInvoiceInConsoleAdmin(uat1, quest)</a> <!-- method navigator-link -->
                      </span>
                      <br/>
                      <span>
                        <img width="3%" src="passed.png"/>
                        <a href="#" class="method navigator-link" panel-name="suite-Payment_Gateway_UAT_Quest_Regression_Test_Suite" title="com.paymentgateway.uat.netregistry.testcases.RegressionSalesDB" hash-for-method="testPaySingleInvoiceInConsoleAdmin(uat1, quest)">testPaySingleInvoiceInConsoleAdmin(uat1, quest)</a> <!-- method navigator-link -->
                      </span>
                      <br/>
                      <span>
                        <img width="3%" src="passed.png"/>
                        <a href="#" class="method navigator-link" panel-name="suite-Payment_Gateway_UAT_Quest_Regression_Test_Suite" title="com.paymentgateway.uat.domainz.testcases.RegressionSalesDB" hash-for-method="testPaySingleInvoiceInConsoleAdmin(uat1, quest)">testPaySingleInvoiceInConsoleAdmin(uat1, quest)</a> <!-- method navigator-link -->
                      </span>
                      <br/>
                      <span>
                        <img width="3%" src="passed.png"/>
                        <a href="#" class="method navigator-link" panel-name="suite-Payment_Gateway_UAT_Quest_Regression_Test_Suite" title="com.paymentgateway.uat.tpp.testcases.RegressionSalesDB" hash-for-method="testPaySingleInvoiceInConsoleAdmin(uat1, quest)">testPaySingleInvoiceInConsoleAdmin(uat1, quest)</a> <!-- method navigator-link -->
                      </span>
                      <br/>
                      <span>
                        <img width="3%" src="passed.png"/>
                        <a href="#" class="method navigator-link" panel-name="suite-Payment_Gateway_UAT_Quest_Regression_Test_Suite" title="com.paymentgateway.uat.domainz.testcases.RegressionSalesDB" hash-for-method="testProductSetup2WorkflowInConsoleAdmin(uat1, quest)">testProductSetup2WorkflowInConsoleAdmin(uat1, quest)</a> <!-- method navigator-link -->
                      </span>
                      <br/>
                      <span>
                        <img width="3%" src="passed.png"/>
                        <a href="#" class="method navigator-link" panel-name="suite-Payment_Gateway_UAT_Quest_Regression_Test_Suite" title="com.paymentgateway.uat.melbourneit.testcases.RegressionSalesDB" hash-for-method="testProductSetup2WorkflowInConsoleAdmin(uat1, quest, disabled)">testProductSetup2WorkflowInConsoleAdmin(uat1, quest, disabled)</a> <!-- method navigator-link -->
                      </span>
                      <br/>
                      <span>
                        <img width="3%" src="passed.png"/>
                        <a href="#" class="method navigator-link" panel-name="suite-Payment_Gateway_UAT_Quest_Regression_Test_Suite" title="com.paymentgateway.uat.tpp.testcases.RegressionSalesDB" hash-for-method="testProductSetup2WorkflowInConsoleAdmin(uat1, quest)">testProductSetup2WorkflowInConsoleAdmin(uat1, quest)</a> <!-- method navigator-link -->
                      </span>
                      <br/>
                      <span>
                        <img width="3%" src="passed.png"/>
                        <a href="#" class="method navigator-link" panel-name="suite-Payment_Gateway_UAT_Quest_Regression_Test_Suite" title="com.paymentgateway.uat.netregistry.testcases.RegressionSalesDB" hash-for-method="testProductSetup2WorkflowInConsoleAdmin(uat1, quest, disabled)">testProductSetup2WorkflowInConsoleAdmin(uat1, quest, disabled)</a> <!-- method navigator-link -->
                      </span>
                      <br/>
                      <span>
                        <img width="3%" src="passed.png"/>
                        <a href="#" class="method navigator-link" panel-name="suite-Payment_Gateway_UAT_Quest_Regression_Test_Suite" title="com.paymentgateway.uat.dps.testcases.RegressionSalesDB" hash-for-method="testProductSetup2WorkflowInConsoleAdmin(uat1, quest)">testProductSetup2WorkflowInConsoleAdmin(uat1, quest)</a> <!-- method navigator-link -->
                      </span>
                      <br/>
                      <span>
                        <img width="3%" src="passed.png"/>
                        <a href="#" class="method navigator-link" panel-name="suite-Payment_Gateway_UAT_Quest_Regression_Test_Suite" title="com.paymentgateway.uat.webcentral.testcases.RegressionSalesDB" hash-for-method="testRefundPaymentFromSalesDB(uat1, quest)">testRefundPaymentFromSalesDB(uat1, quest)</a> <!-- method navigator-link -->
                      </span>
                      <br/>
                      <span>
                        <img width="3%" src="passed.png"/>
                        <a href="#" class="method navigator-link" panel-name="suite-Payment_Gateway_UAT_Quest_Regression_Test_Suite" title="com.paymentgateway.uat.domainz.testcases.RegressionSalesDB" hash-for-method="testRefundPaymentFromSalesDB(uat1, quest)">testRefundPaymentFromSalesDB(uat1, quest)</a> <!-- method navigator-link -->
                      </span>
                      <br/>
                      <span>
                        <img width="3%" src="passed.png"/>
                        <a href="#" class="method navigator-link" panel-name="suite-Payment_Gateway_UAT_Quest_Regression_Test_Suite" title="com.paymentgateway.uat.tpp.testcases.RegressionSalesDB" hash-for-method="testRefundPaymentFromSalesDB(uat1, quest)">testRefundPaymentFromSalesDB(uat1, quest)</a> <!-- method navigator-link -->
                      </span>
                      <br/>
                      <span>
                        <img width="3%" src="passed.png"/>
                        <a href="#" class="method navigator-link" panel-name="suite-Payment_Gateway_UAT_Quest_Regression_Test_Suite" title="com.paymentgateway.uat.netregistry.testcases.RegressionSalesDB" hash-for-method="testRefundPaymentFromSalesDB(uat1, quest)">testRefundPaymentFromSalesDB(uat1, quest)</a> <!-- method navigator-link -->
                      </span>
                      <br/>
                      <span>
                        <img width="3%" src="passed.png"/>
                        <a href="#" class="method navigator-link" panel-name="suite-Payment_Gateway_UAT_Quest_Regression_Test_Suite" title="com.paymentgateway.uat.dps.testcases.RegressionSalesDB" hash-for-method="testRefundPaymentFromSalesDB(uat1, quest)">testRefundPaymentFromSalesDB(uat1, quest)</a> <!-- method navigator-link -->
                      </span>
                      <br/>
                      <span>
                        <img width="3%" src="passed.png"/>
                        <a href="#" class="method navigator-link" panel-name="suite-Payment_Gateway_UAT_Quest_Regression_Test_Suite" title="com.paymentgateway.uat.domainz.testcases.RegressionConsoleAdmin" hash-for-method="testUpdateExpiryInConsoleAdmin(uat1, quest)">testUpdateExpiryInConsoleAdmin(uat1, quest)</a> <!-- method navigator-link -->
                      </span>
                      <br/>
                      <span>
                        <img width="3%" src="passed.png"/>
                        <a href="#" class="method navigator-link" panel-name="suite-Payment_Gateway_UAT_Quest_Regression_Test_Suite" title="com.paymentgateway.uat.domainz.testcases.RegressionConsoleAdmin" hash-for-method="testViewBillingInConsoleAdmin(uat1, quest)">testViewBillingInConsoleAdmin(uat1, quest)</a> <!-- method navigator-link -->
                      </span>
                      <br/>
                    </div> <!-- method-list-content passed suite-Payment_Gateway_UAT_Quest_Regression_Test_Suite -->
                  </li>
                </ul>
              </div> <!-- suite-section-content -->
            </div> <!-- result-section -->
          </div> <!-- navigator-suite-content -->
        </div> <!-- rounded-window -->
      </div> <!-- suite -->
    </div> <!-- navigator-root -->
    <div class="wrapper">
      <div class="main-panel-root">
        <div panel-name="suite-Payment_Gateway_UAT_Quest_Regression_Test_Suite" class="panel Payment_Gateway_UAT_Quest_Regression_Test_Suite">
          <div class="suite-Payment_Gateway_UAT_Quest_Regression_Test_Suite-class-failed">
            <div class="main-panel-header rounded-window-top">
              <img src="failed.png"/>
              <span class="class-name">com.paymentgateway.uat.webcentral.testcases.RegressionSalesDB</span>
            </div> <!-- main-panel-header rounded-window-top -->
            <div class="main-panel-content rounded-window-bottom">
              <div class="method">
                <div class="method-content">
                  <a name="testCreateDomainAndMajorProductOrderInSalesDB(uat1, quest)">
                  </a> <!-- testCreateDomainAndMajorProductOrderInSalesDB(uat1, quest) -->
                  <span class="method-name">testCreateDomainAndMajorProductOrderInSalesDB</span>
                  <span class="parameters">(uat1, quest)</span>
                  <div class="stack-trace">org.openqa.selenium.NoSuchElementException: no such element: Unable to locate element: {&quot;method&quot;:&quot;id&quot;,&quot;selector&quot;:&quot;Greencode-searchbox&quot;}
  (Session info: chrome=72.0.3626.81)
  (Driver info: chromedriver=2.45.615291 (ec3682e3c9061c10f26ea9e5cdcf3c53f3f74387),platform=Windows NT 10.0.14393 x86_64) (WARNING: The server did not provide any stacktrace information)
Command duration or timeout: 0 milliseconds
For documentation on this error, please visit: http://seleniumhq.org/exceptions/no_such_element.html
Build info: version: &apos;3.10.0&apos;, revision: &apos;176b4a9&apos;, time: &apos;2018-03-02T19:03:16.397Z&apos;
System info: host: &apos;MIT01524&apos;, ip: &apos;10.40.0.240&apos;, os.name: &apos;Windows 10&apos;, os.arch: &apos;amd64&apos;, os.version: &apos;10.0&apos;, java.version: &apos;1.8.0_191&apos;
Driver info: org.openqa.selenium.chrome.ChromeDriver
Capabilities {acceptInsecureCerts: false, acceptSslCerts: false, applicationCacheEnabled: false, browserConnectionEnabled: false, browserName: chrome, chrome: {chromedriverVersion: 2.45.615291 (ec3682e3c9061c..., userDataDir: C:\Users\ROY~1.ALC\AppData\...}, cssSelectorsEnabled: true, databaseEnabled: false, goog:chromeOptions: {debuggerAddress: localhost:52275}, handlesAlerts: true, hasTouchScreen: false, javascriptEnabled: true, locationContextEnabled: true, mobileEmulationEnabled: false, nativeEvents: true, networkConnectionEnabled: false, pageLoadStrategy: normal, platform: XP, platformName: XP, proxy: Proxy(), rotatable: false, setWindowRect: true, strictFileInteractability: false, takesHeapSnapshot: true, takesScreenshot: true, timeouts: {implicit: 0, pageLoad: 300000, script: 30000}, unexpectedAlertBehaviour: ignore, unhandledPromptBehavior: ignore, version: 72.0.3626.81, webStorageEnabled: true}
Session ID: 0ebc8b197a3e19b3709b6074072051bc
*** Element info: {Using=id, value=Greencode-searchbox}
	at org.openqa.selenium.remote.ErrorHandler.createThrowable(ErrorHandler.java:214)
	at org.openqa.selenium.remote.ErrorHandler.throwIfResponseFailed(ErrorHandler.java:166)
	at org.openqa.selenium.remote.http.JsonHttpResponseCodec.reconstructValue(JsonHttpResponseCodec.java:40)
	at org.openqa.selenium.remote.http.AbstractHttpResponseCodec.decode(AbstractHttpResponseCodec.java:80)
	at org.openqa.selenium.remote.http.AbstractHttpResponseCodec.decode(AbstractHttpResponseCodec.java:44)
	at org.openqa.selenium.remote.HttpCommandExecutor.execute(HttpCommandExecutor.java:160)
	at org.openqa.selenium.remote.service.DriverCommandExecutor.execute(DriverCommandExecutor.java:83)
	at org.openqa.selenium.remote.RemoteWebDriver.execute(RemoteWebDriver.java:601)
	at org.openqa.selenium.remote.RemoteWebDriver.findElement(RemoteWebDriver.java:371)
	at org.openqa.selenium.remote.RemoteWebDriver.findElementById(RemoteWebDriver.java:417)
	at org.openqa.selenium.By$ById.findElement(By.java:218)
	at org.openqa.selenium.remote.RemoteWebDriver.findElement(RemoteWebDriver.java:363)
	at org.openqa.selenium.support.events.EventFiringWebDriver.lambda$new$1(EventFiringWebDriver.java:103)
	at com.sun.proxy.$Proxy10.findElement(Unknown Source)
	at org.openqa.selenium.support.events.EventFiringWebDriver.findElement(EventFiringWebDriver.java:186)
	at org.openqa.selenium.support.pagefactory.DefaultElementLocator.findElement(DefaultElementLocator.java:69)
	at org.openqa.selenium.support.pagefactory.internal.LocatingElementHandler.invoke(LocatingElementHandler.java:38)
	at com.sun.proxy.$Proxy14.sendKeys(Unknown Source)
	at com.consolesalesdb.pages.CSNrCRMPage.setGreenCode(CSNrCRMPage.java:33)
	at com.paymentgateway.uat.webcentral.testcases.RegressionSalesDB.testCreateDomainAndMajorProductOrderInSalesDB(RegressionSalesDB.java:123)
	at java.util.concurrent.FutureTask.run(Unknown Source)
	at java.util.concurrent.ThreadPoolExecutor.runWorker(Unknown Source)
	at java.util.concurrent.ThreadPoolExecutor$Worker.run(Unknown Source)
	at java.lang.Thread.run(Unknown Source)
... Removed 23 stack frames
</div> <!-- stack-trace -->
                </div> <!-- method-content -->
              </div> <!-- method -->
              <div class="method">
                <div class="method-content">
                  <a name="testDomainRegistration2WorkflowInConsoleAdmin(uat1, quest, disabled)">
                  </a> <!-- testDomainRegistration2WorkflowInConsoleAdmin(uat1, quest, disabled) -->
                  <span class="method-name">testDomainRegistration2WorkflowInConsoleAdmin</span>
                  <span class="parameters">(uat1, quest, disabled)</span>
                  <div class="stack-trace">org.openqa.selenium.WebDriverException: unknown error: keys should be a string
  (Session info: chrome=72.0.3626.81)
  (Driver info: chromedriver=2.45.615291 (ec3682e3c9061c10f26ea9e5cdcf3c53f3f74387),platform=Windows NT 10.0.14393 x86_64) (WARNING: The server did not provide any stacktrace information)
Command duration or timeout: 0 milliseconds
Build info: version: &apos;3.10.0&apos;, revision: &apos;176b4a9&apos;, time: &apos;2018-03-02T19:03:16.397Z&apos;
System info: host: &apos;MIT01524&apos;, ip: &apos;10.40.0.240&apos;, os.name: &apos;Windows 10&apos;, os.arch: &apos;amd64&apos;, os.version: &apos;10.0&apos;, java.version: &apos;1.8.0_191&apos;
Driver info: org.openqa.selenium.chrome.ChromeDriver
Capabilities {acceptInsecureCerts: false, acceptSslCerts: false, applicationCacheEnabled: false, browserConnectionEnabled: false, browserName: chrome, chrome: {chromedriverVersion: 2.45.615291 (ec3682e3c9061c..., userDataDir: C:\Users\ROY~1.ALC\AppData\...}, cssSelectorsEnabled: true, databaseEnabled: false, goog:chromeOptions: {debuggerAddress: localhost:52308}, handlesAlerts: true, hasTouchScreen: false, javascriptEnabled: true, locationContextEnabled: true, mobileEmulationEnabled: false, nativeEvents: true, networkConnectionEnabled: false, pageLoadStrategy: normal, platform: XP, platformName: XP, proxy: Proxy(), rotatable: false, setWindowRect: true, strictFileInteractability: false, takesHeapSnapshot: true, takesScreenshot: true, timeouts: {implicit: 0, pageLoad: 300000, script: 30000}, unexpectedAlertBehaviour: ignore, unhandledPromptBehavior: ignore, version: 72.0.3626.81, webStorageEnabled: true}
Session ID: eba8cdef453b5a533806fdb46d867333
	at org.openqa.selenium.remote.ErrorHandler.createThrowable(ErrorHandler.java:214)
	at org.openqa.selenium.remote.ErrorHandler.throwIfResponseFailed(ErrorHandler.java:166)
	at org.openqa.selenium.remote.http.JsonHttpResponseCodec.reconstructValue(JsonHttpResponseCodec.java:40)
	at org.openqa.selenium.remote.http.AbstractHttpResponseCodec.decode(AbstractHttpResponseCodec.java:80)
	at org.openqa.selenium.remote.http.AbstractHttpResponseCodec.decode(AbstractHttpResponseCodec.java:44)
	at org.openqa.selenium.remote.HttpCommandExecutor.execute(HttpCommandExecutor.java:160)
	at org.openqa.selenium.remote.service.DriverCommandExecutor.execute(DriverCommandExecutor.java:83)
	at org.openqa.selenium.remote.RemoteWebDriver.execute(RemoteWebDriver.java:601)
	at org.openqa.selenium.remote.RemoteWebElement.execute(RemoteWebElement.java:279)
	at org.openqa.selenium.remote.RemoteWebElement.sendKeys(RemoteWebElement.java:100)
	at org.openqa.selenium.support.events.EventFiringWebDriver$EventFiringWebElement.lambda$new$0(EventFiringWebDriver.java:368)
	at com.sun.proxy.$Proxy15.sendKeys(Unknown Source)
	at org.openqa.selenium.support.events.EventFiringWebDriver$EventFiringWebElement.sendKeys(EventFiringWebDriver.java:390)
	at org.openqa.selenium.support.pagefactory.internal.LocatingElementHandler.invoke(LocatingElementHandler.java:51)
	at com.sun.proxy.$Proxy14.sendKeys(Unknown Source)
	at com.consoleadmin.pages.CAHeaderPage.searchWorkflow(CAHeaderPage.java:73)
	at com.paymentgateway.uat.webcentral.testcases.RegressionSalesDB.testDomainRegistration2WorkflowInConsoleAdmin(RegressionSalesDB.java:174)
	at java.util.concurrent.FutureTask.run(Unknown Source)
	at java.util.concurrent.ThreadPoolExecutor.runWorker(Unknown Source)
	at java.util.concurrent.ThreadPoolExecutor$Worker.run(Unknown Source)
	at java.lang.Thread.run(Unknown Source)
... Removed 26 stack frames
</div> <!-- stack-trace -->
                </div> <!-- method-content -->
              </div> <!-- method -->
              <div class="method">
                <div class="method-content">
                  <a name="testPayInvoiceUsingExistingCardFromSalesDB(uat1, quest)">
                  </a> <!-- testPayInvoiceUsingExistingCardFromSalesDB(uat1, quest) -->
                  <span class="method-name">testPayInvoiceUsingExistingCardFromSalesDB</span>
                  <span class="parameters">(uat1, quest)</span>
                  <div class="stack-trace">org.openqa.selenium.NoSuchElementException: no such element: Unable to locate element: {&quot;method&quot;:&quot;xpath&quot;,&quot;selector&quot;:&quot;//*[contains(text(),&apos;Visa: 4111xxxxxxxx1111&apos;)]&quot;}
  (Session info: chrome=72.0.3626.81)
  (Driver info: chromedriver=2.45.615291 (ec3682e3c9061c10f26ea9e5cdcf3c53f3f74387),platform=Windows NT 10.0.14393 x86_64) (WARNING: The server did not provide any stacktrace information)
Command duration or timeout: 0 milliseconds
For documentation on this error, please visit: http://seleniumhq.org/exceptions/no_such_element.html
Build info: version: &apos;3.10.0&apos;, revision: &apos;176b4a9&apos;, time: &apos;2018-03-02T19:03:16.397Z&apos;
System info: host: &apos;MIT01524&apos;, ip: &apos;10.40.0.240&apos;, os.name: &apos;Windows 10&apos;, os.arch: &apos;amd64&apos;, os.version: &apos;10.0&apos;, java.version: &apos;1.8.0_191&apos;
Driver info: org.openqa.selenium.chrome.ChromeDriver
Capabilities {acceptInsecureCerts: false, acceptSslCerts: false, applicationCacheEnabled: false, browserConnectionEnabled: false, browserName: chrome, chrome: {chromedriverVersion: 2.45.615291 (ec3682e3c9061c..., userDataDir: C:\Users\ROY~1.ALC\AppData\...}, cssSelectorsEnabled: true, databaseEnabled: false, goog:chromeOptions: {debuggerAddress: localhost:52456}, handlesAlerts: true, hasTouchScreen: false, javascriptEnabled: true, locationContextEnabled: true, mobileEmulationEnabled: false, nativeEvents: true, networkConnectionEnabled: false, pageLoadStrategy: normal, platform: XP, platformName: XP, proxy: Proxy(), rotatable: false, setWindowRect: true, strictFileInteractability: false, takesHeapSnapshot: true, takesScreenshot: true, timeouts: {implicit: 0, pageLoad: 300000, script: 30000}, unexpectedAlertBehaviour: ignore, unhandledPromptBehavior: ignore, version: 72.0.3626.81, webStorageEnabled: true}
Session ID: ff4322ecebc409a2399643184af69e98
*** Element info: {Using=xpath, value=//*[contains(text(),&apos;Visa: 4111xxxxxxxx1111&apos;)]}
	at org.openqa.selenium.remote.ErrorHandler.createThrowable(ErrorHandler.java:214)
	at org.openqa.selenium.remote.ErrorHandler.throwIfResponseFailed(ErrorHandler.java:166)
	at org.openqa.selenium.remote.http.JsonHttpResponseCodec.reconstructValue(JsonHttpResponseCodec.java:40)
	at org.openqa.selenium.remote.http.AbstractHttpResponseCodec.decode(AbstractHttpResponseCodec.java:80)
	at org.openqa.selenium.remote.http.AbstractHttpResponseCodec.decode(AbstractHttpResponseCodec.java:44)
	at org.openqa.selenium.remote.HttpCommandExecutor.execute(HttpCommandExecutor.java:160)
	at org.openqa.selenium.remote.service.DriverCommandExecutor.execute(DriverCommandExecutor.java:83)
	at org.openqa.selenium.remote.RemoteWebDriver.execute(RemoteWebDriver.java:601)
	at org.openqa.selenium.remote.RemoteWebDriver.findElement(RemoteWebDriver.java:371)
	at org.openqa.selenium.remote.RemoteWebDriver.findElementByXPath(RemoteWebDriver.java:473)
	at org.openqa.selenium.By$ByXPath.findElement(By.java:361)
	at org.openqa.selenium.remote.RemoteWebDriver.findElement(RemoteWebDriver.java:363)
	at org.openqa.selenium.support.events.EventFiringWebDriver.lambda$new$1(EventFiringWebDriver.java:103)
	at com.sun.proxy.$Proxy10.findElement(Unknown Source)
	at org.openqa.selenium.support.events.EventFiringWebDriver.findElement(EventFiringWebDriver.java:186)
	at com.consolesalesdb.pages.CSProcessTransactionPage.setProcessTransactionDetails(CSProcessTransactionPage.java:113)
	at com.paymentgateway.uat.webcentral.testcases.RegressionSalesDB.testPayInvoiceUsingExistingCardFromSalesDB(RegressionSalesDB.java:341)
	at java.util.concurrent.FutureTask.run(Unknown Source)
	at java.util.concurrent.ThreadPoolExecutor.runWorker(Unknown Source)
	at java.util.concurrent.ThreadPoolExecutor$Worker.run(Unknown Source)
	at java.lang.Thread.run(Unknown Source)
... Removed 23 stack frames
</div> <!-- stack-trace -->
                </div> <!-- method-content -->
              </div> <!-- method -->
              <div class="method">
                <div class="method-content">
                  <a name="testProductSetup2WorkflowInConsoleAdmin(uat1, quest)">
                  </a> <!-- testProductSetup2WorkflowInConsoleAdmin(uat1, quest) -->
                  <span class="method-name">testProductSetup2WorkflowInConsoleAdmin</span>
                  <span class="parameters">(uat1, quest)</span>
                  <div class="stack-trace">org.openqa.selenium.NoSuchElementException: no such element: Unable to locate element: {&quot;method&quot;:&quot;xpath&quot;,&quot;selector&quot;:&quot;//table/tbody/tr/td/table[3]/tbody/tr[3]/td[1]/a&quot;}
  (Session info: chrome=72.0.3626.81)
  (Driver info: chromedriver=2.45.615291 (ec3682e3c9061c10f26ea9e5cdcf3c53f3f74387),platform=Windows NT 10.0.14393 x86_64) (WARNING: The server did not provide any stacktrace information)
Command duration or timeout: 0 milliseconds
For documentation on this error, please visit: http://seleniumhq.org/exceptions/no_such_element.html
Build info: version: &apos;3.10.0&apos;, revision: &apos;176b4a9&apos;, time: &apos;2018-03-02T19:03:16.397Z&apos;
System info: host: &apos;MIT01524&apos;, ip: &apos;10.40.0.240&apos;, os.name: &apos;Windows 10&apos;, os.arch: &apos;amd64&apos;, os.version: &apos;10.0&apos;, java.version: &apos;1.8.0_191&apos;
Driver info: org.openqa.selenium.chrome.ChromeDriver
Capabilities {acceptInsecureCerts: false, acceptSslCerts: false, applicationCacheEnabled: false, browserConnectionEnabled: false, browserName: chrome, chrome: {chromedriverVersion: 2.45.615291 (ec3682e3c9061c..., userDataDir: C:\Users\ROY~1.ALC\AppData\...}, cssSelectorsEnabled: true, databaseEnabled: false, goog:chromeOptions: {debuggerAddress: localhost:52308}, handlesAlerts: true, hasTouchScreen: false, javascriptEnabled: true, locationContextEnabled: true, mobileEmulationEnabled: false, nativeEvents: true, networkConnectionEnabled: false, pageLoadStrategy: normal, platform: XP, platformName: XP, proxy: Proxy(), rotatable: false, setWindowRect: true, strictFileInteractability: false, takesHeapSnapshot: true, takesScreenshot: true, timeouts: {implicit: 0, pageLoad: 300000, script: 30000}, unexpectedAlertBehaviour: ignore, unhandledPromptBehavior: ignore, version: 72.0.3626.81, webStorageEnabled: true}
Session ID: eba8cdef453b5a533806fdb46d867333
*** Element info: {Using=xpath, value=//table/tbody/tr/td/table[3]/tbody/tr[3]/td[1]/a}
	at org.openqa.selenium.remote.ErrorHandler.createThrowable(ErrorHandler.java:214)
	at org.openqa.selenium.remote.ErrorHandler.throwIfResponseFailed(ErrorHandler.java:166)
	at org.openqa.selenium.remote.http.JsonHttpResponseCodec.reconstructValue(JsonHttpResponseCodec.java:40)
	at org.openqa.selenium.remote.http.AbstractHttpResponseCodec.decode(AbstractHttpResponseCodec.java:80)
	at org.openqa.selenium.remote.http.AbstractHttpResponseCodec.decode(AbstractHttpResponseCodec.java:44)
	at org.openqa.selenium.remote.HttpCommandExecutor.execute(HttpCommandExecutor.java:160)
	at org.openqa.selenium.remote.service.DriverCommandExecutor.execute(DriverCommandExecutor.java:83)
	at org.openqa.selenium.remote.RemoteWebDriver.execute(RemoteWebDriver.java:601)
	at org.openqa.selenium.remote.RemoteWebDriver.findElement(RemoteWebDriver.java:371)
	at org.openqa.selenium.remote.RemoteWebDriver.findElementByXPath(RemoteWebDriver.java:473)
	at org.openqa.selenium.By$ByXPath.findElement(By.java:361)
	at org.openqa.selenium.remote.RemoteWebDriver.findElement(RemoteWebDriver.java:363)
	at org.openqa.selenium.support.events.EventFiringWebDriver.lambda$new$1(EventFiringWebDriver.java:103)
	at com.sun.proxy.$Proxy10.findElement(Unknown Source)
	at org.openqa.selenium.support.events.EventFiringWebDriver.findElement(EventFiringWebDriver.java:186)
	at com.consoleadmin.pages.CAWorkflowAdminPage.processProductSetup2(CAWorkflowAdminPage.java:152)
	at com.paymentgateway.uat.webcentral.testcases.RegressionSalesDB.testProductSetup2WorkflowInConsoleAdmin(RegressionSalesDB.java:194)
	at java.util.concurrent.FutureTask.run(Unknown Source)
	at java.util.concurrent.ThreadPoolExecutor.runWorker(Unknown Source)
	at java.util.concurrent.ThreadPoolExecutor$Worker.run(Unknown Source)
	at java.lang.Thread.run(Unknown Source)
... Removed 23 stack frames
</div> <!-- stack-trace -->
                </div> <!-- method-content -->
              </div> <!-- method -->
            </div> <!-- main-panel-content rounded-window-bottom -->
          </div> <!-- suite-Payment_Gateway_UAT_Quest_Regression_Test_Suite-class-failed -->
          <div class="suite-Payment_Gateway_UAT_Quest_Regression_Test_Suite-class-failed">
            <div class="main-panel-header rounded-window-top">
              <img src="failed.png"/>
              <span class="class-name">com.paymentgateway.uat.dps.testcases.RegressionSalesDB</span>
            </div> <!-- main-panel-header rounded-window-top -->
            <div class="main-panel-content rounded-window-bottom">
              <div class="method">
                <div class="method-content">
                  <a name="testDomainRegistration2WorkflowInConsoleAdmin(uat1, quest, disabled)">
                  </a> <!-- testDomainRegistration2WorkflowInConsoleAdmin(uat1, quest, disabled) -->
                  <span class="method-name">testDomainRegistration2WorkflowInConsoleAdmin</span>
                  <span class="parameters">(uat1, quest, disabled)</span>
                  <div class="stack-trace">org.openqa.selenium.NoSuchElementException: no such element: Unable to locate element: {&quot;method&quot;:&quot;xpath&quot;,&quot;selector&quot;:&quot;//tbody/tr[3]/td[contains(text(),&apos;check asic&apos;)]/parent::tr/td[3]/a[text()=&apos;Execute&apos;]&quot;}
  (Session info: chrome=72.0.3626.81)
  (Driver info: chromedriver=2.45.615291 (ec3682e3c9061c10f26ea9e5cdcf3c53f3f74387),platform=Windows NT 10.0.14393 x86_64) (WARNING: The server did not provide any stacktrace information)
Command duration or timeout: 0 milliseconds
For documentation on this error, please visit: http://seleniumhq.org/exceptions/no_such_element.html
Build info: version: &apos;3.10.0&apos;, revision: &apos;176b4a9&apos;, time: &apos;2018-03-02T19:03:16.397Z&apos;
System info: host: &apos;MIT01524&apos;, ip: &apos;10.40.0.240&apos;, os.name: &apos;Windows 10&apos;, os.arch: &apos;amd64&apos;, os.version: &apos;10.0&apos;, java.version: &apos;1.8.0_191&apos;
Driver info: org.openqa.selenium.chrome.ChromeDriver
Capabilities {acceptInsecureCerts: false, acceptSslCerts: false, applicationCacheEnabled: false, browserConnectionEnabled: false, browserName: chrome, chrome: {chromedriverVersion: 2.45.615291 (ec3682e3c9061c..., userDataDir: C:\Users\ROY~1.ALC\AppData\...}, cssSelectorsEnabled: true, databaseEnabled: false, goog:chromeOptions: {debuggerAddress: localhost:52557}, handlesAlerts: true, hasTouchScreen: false, javascriptEnabled: true, locationContextEnabled: true, mobileEmulationEnabled: false, nativeEvents: true, networkConnectionEnabled: false, pageLoadStrategy: normal, platform: XP, platformName: XP, proxy: Proxy(), rotatable: false, setWindowRect: true, strictFileInteractability: false, takesHeapSnapshot: true, takesScreenshot: true, timeouts: {implicit: 0, pageLoad: 300000, script: 30000}, unexpectedAlertBehaviour: ignore, unhandledPromptBehavior: ignore, version: 72.0.3626.81, webStorageEnabled: true}
Session ID: 8101488bf8e7f746b75258d91058b9fe
*** Element info: {Using=xpath, value=//tbody/tr[3]/td[contains(text(),&apos;check asic&apos;)]/parent::tr/td[3]/a[text()=&apos;Execute&apos;]}
	at org.openqa.selenium.remote.ErrorHandler.createThrowable(ErrorHandler.java:214)
	at org.openqa.selenium.remote.ErrorHandler.throwIfResponseFailed(ErrorHandler.java:166)
	at org.openqa.selenium.remote.http.JsonHttpResponseCodec.reconstructValue(JsonHttpResponseCodec.java:40)
	at org.openqa.selenium.remote.http.AbstractHttpResponseCodec.decode(AbstractHttpResponseCodec.java:80)
	at org.openqa.selenium.remote.http.AbstractHttpResponseCodec.decode(AbstractHttpResponseCodec.java:44)
	at org.openqa.selenium.remote.HttpCommandExecutor.execute(HttpCommandExecutor.java:160)
	at org.openqa.selenium.remote.service.DriverCommandExecutor.execute(DriverCommandExecutor.java:83)
	at org.openqa.selenium.remote.RemoteWebDriver.execute(RemoteWebDriver.java:601)
	at org.openqa.selenium.remote.RemoteWebDriver.findElement(RemoteWebDriver.java:371)
	at org.openqa.selenium.remote.RemoteWebDriver.findElementByXPath(RemoteWebDriver.java:473)
	at org.openqa.selenium.By$ByXPath.findElement(By.java:361)
	at org.openqa.selenium.remote.RemoteWebDriver.findElement(RemoteWebDriver.java:363)
	at org.openqa.selenium.support.events.EventFiringWebDriver.lambda$new$1(EventFiringWebDriver.java:103)
	at com.sun.proxy.$Proxy10.findElement(Unknown Source)
	at org.openqa.selenium.support.events.EventFiringWebDriver.findElement(EventFiringWebDriver.java:186)
	at com.consoleadmin.pages.CAWorkflowAdminPage.processCheckASIC(CAWorkflowAdminPage.java:71)
	at com.consoleadmin.pages.CAWorkflowAdminPage.processDomainRegistration2Workflow(CAWorkflowAdminPage.java:50)
	at com.paymentgateway.uat.dps.testcases.RegressionSalesDB.testDomainRegistration2WorkflowInConsoleAdmin(RegressionSalesDB.java:175)
	at java.util.concurrent.FutureTask.run(Unknown Source)
	at java.util.concurrent.ThreadPoolExecutor.runWorker(Unknown Source)
	at java.util.concurrent.ThreadPoolExecutor$Worker.run(Unknown Source)
	at java.lang.Thread.run(Unknown Source)
... Removed 23 stack frames
</div> <!-- stack-trace -->
                </div> <!-- method-content -->
              </div> <!-- method -->
            </div> <!-- main-panel-content rounded-window-bottom -->
          </div> <!-- suite-Payment_Gateway_UAT_Quest_Regression_Test_Suite-class-failed -->
          <div class="suite-Payment_Gateway_UAT_Quest_Regression_Test_Suite-class-passed">
            <div class="main-panel-header rounded-window-top">
              <img src="passed.png"/>
              <span class="class-name">com.paymentgateway.uat.webcentral.testcases.RegressionSalesDB</span>
            </div> <!-- main-panel-header rounded-window-top -->
            <div class="main-panel-content rounded-window-bottom">
              <div class="method">
                <div class="method-content">
                  <a name="testPaySingleInvoiceInConsoleAdmin(uat1, quest)">
                  </a> <!-- testPaySingleInvoiceInConsoleAdmin(uat1, quest) -->
                  <span class="method-name">testPaySingleInvoiceInConsoleAdmin</span>
                  <span class="parameters">(uat1, quest)</span>
                </div> <!-- method-content -->
              </div> <!-- method -->
              <div class="method">
                <div class="method-content">
                  <a name="testRefundPaymentFromSalesDB(uat1, quest)">
                  </a> <!-- testRefundPaymentFromSalesDB(uat1, quest) -->
                  <span class="method-name">testRefundPaymentFromSalesDB</span>
                  <span class="parameters">(uat1, quest)</span>
                </div> <!-- method-content -->
              </div> <!-- method -->
            </div> <!-- main-panel-content rounded-window-bottom -->
          </div> <!-- suite-Payment_Gateway_UAT_Quest_Regression_Test_Suite-class-passed -->
          <div class="suite-Payment_Gateway_UAT_Quest_Regression_Test_Suite-class-passed">
            <div class="main-panel-header rounded-window-top">
              <img src="passed.png"/>
              <span class="class-name">com.paymentgateway.uat.tpp.testcases.RegressionSalesDB</span>
            </div> <!-- main-panel-header rounded-window-top -->
            <div class="main-panel-content rounded-window-bottom">
              <div class="method">
                <div class="method-content">
                  <a name="testCreateDomainAndMajorProductOrderInSalesDB(uat1, quest)">
                  </a> <!-- testCreateDomainAndMajorProductOrderInSalesDB(uat1, quest) -->
                  <span class="method-name">testCreateDomainAndMajorProductOrderInSalesDB</span>
                  <span class="parameters">(uat1, quest)</span>
                </div> <!-- method-content -->
              </div> <!-- method -->
              <div class="method">
                <div class="method-content">
                  <a name="testDomainRegistration2WorkflowInConsoleAdmin(uat1, quest, disabled)">
                  </a> <!-- testDomainRegistration2WorkflowInConsoleAdmin(uat1, quest, disabled) -->
                  <span class="method-name">testDomainRegistration2WorkflowInConsoleAdmin</span>
                  <span class="parameters">(uat1, quest, disabled)</span>
                </div> <!-- method-content -->
              </div> <!-- method -->
              <div class="method">
                <div class="method-content">
                  <a name="testPayInvoiceUsingExistingCardFromSalesDB(uat1, quest)">
                  </a> <!-- testPayInvoiceUsingExistingCardFromSalesDB(uat1, quest) -->
                  <span class="method-name">testPayInvoiceUsingExistingCardFromSalesDB</span>
                  <span class="parameters">(uat1, quest)</span>
                </div> <!-- method-content -->
              </div> <!-- method -->
              <div class="method">
                <div class="method-content">
                  <a name="testPaySingleInvoiceInConsoleAdmin(uat1, quest)">
                  </a> <!-- testPaySingleInvoiceInConsoleAdmin(uat1, quest) -->
                  <span class="method-name">testPaySingleInvoiceInConsoleAdmin</span>
                  <span class="parameters">(uat1, quest)</span>
                </div> <!-- method-content -->
              </div> <!-- method -->
              <div class="method">
                <div class="method-content">
                  <a name="testProductSetup2WorkflowInConsoleAdmin(uat1, quest)">
                  </a> <!-- testProductSetup2WorkflowInConsoleAdmin(uat1, quest) -->
                  <span class="method-name">testProductSetup2WorkflowInConsoleAdmin</span>
                  <span class="parameters">(uat1, quest)</span>
                </div> <!-- method-content -->
              </div> <!-- method -->
              <div class="method">
                <div class="method-content">
                  <a name="testRefundPaymentFromSalesDB(uat1, quest)">
                  </a> <!-- testRefundPaymentFromSalesDB(uat1, quest) -->
                  <span class="method-name">testRefundPaymentFromSalesDB</span>
                  <span class="parameters">(uat1, quest)</span>
                </div> <!-- method-content -->
              </div> <!-- method -->
            </div> <!-- main-panel-content rounded-window-bottom -->
          </div> <!-- suite-Payment_Gateway_UAT_Quest_Regression_Test_Suite-class-passed -->
          <div class="suite-Payment_Gateway_UAT_Quest_Regression_Test_Suite-class-passed">
            <div class="main-panel-header rounded-window-top">
              <img src="passed.png"/>
              <span class="class-name">com.paymentgateway.uat.netregistry.testcases.RegressionSalesDB</span>
            </div> <!-- main-panel-header rounded-window-top -->
            <div class="main-panel-content rounded-window-bottom">
              <div class="method">
                <div class="method-content">
                  <a name="testCreateDomainAndMajorProductOrderInSalesDB(uat1, quest)">
                  </a> <!-- testCreateDomainAndMajorProductOrderInSalesDB(uat1, quest) -->
                  <span class="method-name">testCreateDomainAndMajorProductOrderInSalesDB</span>
                  <span class="parameters">(uat1, quest)</span>
                </div> <!-- method-content -->
              </div> <!-- method -->
              <div class="method">
                <div class="method-content">
                  <a name="testDomainRegistration2WorkflowInConsoleAdmin(uat1, quest, disabled)">
                  </a> <!-- testDomainRegistration2WorkflowInConsoleAdmin(uat1, quest, disabled) -->
                  <span class="method-name">testDomainRegistration2WorkflowInConsoleAdmin</span>
                  <span class="parameters">(uat1, quest, disabled)</span>
                </div> <!-- method-content -->
              </div> <!-- method -->
              <div class="method">
                <div class="method-content">
                  <a name="testPayInvoiceUsingExistingCardFromSalesDB(uat1, quest)">
                  </a> <!-- testPayInvoiceUsingExistingCardFromSalesDB(uat1, quest) -->
                  <span class="method-name">testPayInvoiceUsingExistingCardFromSalesDB</span>
                  <span class="parameters">(uat1, quest)</span>
                </div> <!-- method-content -->
              </div> <!-- method -->
              <div class="method">
                <div class="method-content">
                  <a name="testPaySingleInvoiceInConsoleAdmin(uat1, quest)">
                  </a> <!-- testPaySingleInvoiceInConsoleAdmin(uat1, quest) -->
                  <span class="method-name">testPaySingleInvoiceInConsoleAdmin</span>
                  <span class="parameters">(uat1, quest)</span>
                </div> <!-- method-content -->
              </div> <!-- method -->
              <div class="method">
                <div class="method-content">
                  <a name="testProductSetup2WorkflowInConsoleAdmin(uat1, quest, disabled)">
                  </a> <!-- testProductSetup2WorkflowInConsoleAdmin(uat1, quest, disabled) -->
                  <span class="method-name">testProductSetup2WorkflowInConsoleAdmin</span>
                  <span class="parameters">(uat1, quest, disabled)</span>
                </div> <!-- method-content -->
              </div> <!-- method -->
              <div class="method">
                <div class="method-content">
                  <a name="testRefundPaymentFromSalesDB(uat1, quest)">
                  </a> <!-- testRefundPaymentFromSalesDB(uat1, quest) -->
                  <span class="method-name">testRefundPaymentFromSalesDB</span>
                  <span class="parameters">(uat1, quest)</span>
                </div> <!-- method-content -->
              </div> <!-- method -->
            </div> <!-- main-panel-content rounded-window-bottom -->
          </div> <!-- suite-Payment_Gateway_UAT_Quest_Regression_Test_Suite-class-passed -->
          <div class="suite-Payment_Gateway_UAT_Quest_Regression_Test_Suite-class-passed">
            <div class="main-panel-header rounded-window-top">
              <img src="passed.png"/>
              <span class="class-name">com.paymentgateway.uat.melbourneit.testcases.RegressionSalesDB</span>
            </div> <!-- main-panel-header rounded-window-top -->
            <div class="main-panel-content rounded-window-bottom">
              <div class="method">
                <div class="method-content">
                  <a name="testCreateDomainAndMajorProductOrderInSalesDB(uat1, quest)">
                  </a> <!-- testCreateDomainAndMajorProductOrderInSalesDB(uat1, quest) -->
                  <span class="method-name">testCreateDomainAndMajorProductOrderInSalesDB</span>
                  <span class="parameters">(uat1, quest)</span>
                </div> <!-- method-content -->
              </div> <!-- method -->
              <div class="method">
                <div class="method-content">
                  <a name="testDomainRegistration2WorkflowInConsoleAdmin(uat1, quest, disabled)">
                  </a> <!-- testDomainRegistration2WorkflowInConsoleAdmin(uat1, quest, disabled) -->
                  <span class="method-name">testDomainRegistration2WorkflowInConsoleAdmin</span>
                  <span class="parameters">(uat1, quest, disabled)</span>
                </div> <!-- method-content -->
              </div> <!-- method -->
              <div class="method">
                <div class="method-content">
                  <a name="testProductSetup2WorkflowInConsoleAdmin(uat1, quest, disabled)">
                  </a> <!-- testProductSetup2WorkflowInConsoleAdmin(uat1, quest, disabled) -->
                  <span class="method-name">testProductSetup2WorkflowInConsoleAdmin</span>
                  <span class="parameters">(uat1, quest, disabled)</span>
                </div> <!-- method-content -->
              </div> <!-- method -->
            </div> <!-- main-panel-content rounded-window-bottom -->
          </div> <!-- suite-Payment_Gateway_UAT_Quest_Regression_Test_Suite-class-passed -->
          <div class="suite-Payment_Gateway_UAT_Quest_Regression_Test_Suite-class-passed">
            <div class="main-panel-header rounded-window-top">
              <img src="passed.png"/>
              <span class="class-name">com.paymentgateway.uat.domainz.testcases.RegressionConsoleAdmin</span>
            </div> <!-- main-panel-header rounded-window-top -->
            <div class="main-panel-content rounded-window-bottom">
              <div class="method">
                <div class="method-content">
                  <a name="testUpdateExpiryInConsoleAdmin(uat1, quest)">
                  </a> <!-- testUpdateExpiryInConsoleAdmin(uat1, quest) -->
                  <span class="method-name">testUpdateExpiryInConsoleAdmin</span>
                  <span class="parameters">(uat1, quest)</span>
                </div> <!-- method-content -->
              </div> <!-- method -->
              <div class="method">
                <div class="method-content">
                  <a name="testViewBillingInConsoleAdmin(uat1, quest)">
                  </a> <!-- testViewBillingInConsoleAdmin(uat1, quest) -->
                  <span class="method-name">testViewBillingInConsoleAdmin</span>
                  <span class="parameters">(uat1, quest)</span>
                </div> <!-- method-content -->
              </div> <!-- method -->
            </div> <!-- main-panel-content rounded-window-bottom -->
          </div> <!-- suite-Payment_Gateway_UAT_Quest_Regression_Test_Suite-class-passed -->
          <div class="suite-Payment_Gateway_UAT_Quest_Regression_Test_Suite-class-passed">
            <div class="main-panel-header rounded-window-top">
              <img src="passed.png"/>
              <span class="class-name">com.paymentgateway.uat.dps.testcases.RegressionSalesDB</span>
            </div> <!-- main-panel-header rounded-window-top -->
            <div class="main-panel-content rounded-window-bottom">
              <div class="method">
                <div class="method-content">
                  <a name="testCreateDomainAndMajorProductOrderInSalesDB(uat1, quest)">
                  </a> <!-- testCreateDomainAndMajorProductOrderInSalesDB(uat1, quest) -->
                  <span class="method-name">testCreateDomainAndMajorProductOrderInSalesDB</span>
                  <span class="parameters">(uat1, quest)</span>
                </div> <!-- method-content -->
              </div> <!-- method -->
              <div class="method">
                <div class="method-content">
                  <a name="testPayInvoiceUsingExistingCardFromSalesDB(uat1, quest)">
                  </a> <!-- testPayInvoiceUsingExistingCardFromSalesDB(uat1, quest) -->
                  <span class="method-name">testPayInvoiceUsingExistingCardFromSalesDB</span>
                  <span class="parameters">(uat1, quest)</span>
                </div> <!-- method-content -->
              </div> <!-- method -->
              <div class="method">
                <div class="method-content">
                  <a name="testPaySingleInvoiceInConsoleAdmin(uat1, quest)">
                  </a> <!-- testPaySingleInvoiceInConsoleAdmin(uat1, quest) -->
                  <span class="method-name">testPaySingleInvoiceInConsoleAdmin</span>
                  <span class="parameters">(uat1, quest)</span>
                </div> <!-- method-content -->
              </div> <!-- method -->
              <div class="method">
                <div class="method-content">
                  <a name="testProductSetup2WorkflowInConsoleAdmin(uat1, quest)">
                  </a> <!-- testProductSetup2WorkflowInConsoleAdmin(uat1, quest) -->
                  <span class="method-name">testProductSetup2WorkflowInConsoleAdmin</span>
                  <span class="parameters">(uat1, quest)</span>
                </div> <!-- method-content -->
              </div> <!-- method -->
              <div class="method">
                <div class="method-content">
                  <a name="testRefundPaymentFromSalesDB(uat1, quest)">
                  </a> <!-- testRefundPaymentFromSalesDB(uat1, quest) -->
                  <span class="method-name">testRefundPaymentFromSalesDB</span>
                  <span class="parameters">(uat1, quest)</span>
                </div> <!-- method-content -->
              </div> <!-- method -->
            </div> <!-- main-panel-content rounded-window-bottom -->
          </div> <!-- suite-Payment_Gateway_UAT_Quest_Regression_Test_Suite-class-passed -->
          <div class="suite-Payment_Gateway_UAT_Quest_Regression_Test_Suite-class-passed">
            <div class="main-panel-header rounded-window-top">
              <img src="passed.png"/>
              <span class="class-name">com.paymentgateway.uat.domainz.testcases.RegressionSalesDB</span>
            </div> <!-- main-panel-header rounded-window-top -->
            <div class="main-panel-content rounded-window-bottom">
              <div class="method">
                <div class="method-content">
                  <a name="testCreateDomainAndMajorProductOrderInSalesDB(uat1, quest)">
                  </a> <!-- testCreateDomainAndMajorProductOrderInSalesDB(uat1, quest) -->
                  <span class="method-name">testCreateDomainAndMajorProductOrderInSalesDB</span>
                  <span class="parameters">(uat1, quest)</span>
                </div> <!-- method-content -->
              </div> <!-- method -->
              <div class="method">
                <div class="method-content">
                  <a name="testDomainRegistration2WorkflowInConsoleAdmin(uat1, quest, disabled)">
                  </a> <!-- testDomainRegistration2WorkflowInConsoleAdmin(uat1, quest, disabled) -->
                  <span class="method-name">testDomainRegistration2WorkflowInConsoleAdmin</span>
                  <span class="parameters">(uat1, quest, disabled)</span>
                </div> <!-- method-content -->
              </div> <!-- method -->
              <div class="method">
                <div class="method-content">
                  <a name="testPayInvoiceUsingExistingCardFromSalesDB(uat1, quest)">
                  </a> <!-- testPayInvoiceUsingExistingCardFromSalesDB(uat1, quest) -->
                  <span class="method-name">testPayInvoiceUsingExistingCardFromSalesDB</span>
                  <span class="parameters">(uat1, quest)</span>
                </div> <!-- method-content -->
              </div> <!-- method -->
              <div class="method">
                <div class="method-content">
                  <a name="testPaySingleInvoiceInConsoleAdmin(uat1, quest)">
                  </a> <!-- testPaySingleInvoiceInConsoleAdmin(uat1, quest) -->
                  <span class="method-name">testPaySingleInvoiceInConsoleAdmin</span>
                  <span class="parameters">(uat1, quest)</span>
                </div> <!-- method-content -->
              </div> <!-- method -->
              <div class="method">
                <div class="method-content">
                  <a name="testProductSetup2WorkflowInConsoleAdmin(uat1, quest)">
                  </a> <!-- testProductSetup2WorkflowInConsoleAdmin(uat1, quest) -->
                  <span class="method-name">testProductSetup2WorkflowInConsoleAdmin</span>
                  <span class="parameters">(uat1, quest)</span>
                </div> <!-- method-content -->
              </div> <!-- method -->
              <div class="method">
                <div class="method-content">
                  <a name="testRefundPaymentFromSalesDB(uat1, quest)">
                  </a> <!-- testRefundPaymentFromSalesDB(uat1, quest) -->
                  <span class="method-name">testRefundPaymentFromSalesDB</span>
                  <span class="parameters">(uat1, quest)</span>
                </div> <!-- method-content -->
              </div> <!-- method -->
            </div> <!-- main-panel-content rounded-window-bottom -->
          </div> <!-- suite-Payment_Gateway_UAT_Quest_Regression_Test_Suite-class-passed -->
        </div> <!-- panel Payment_Gateway_UAT_Quest_Regression_Test_Suite -->
        <div panel-name="test-xml-Payment_Gateway_UAT_Quest_Regression_Test_Suite" class="panel">
          <div class="main-panel-header rounded-window-top">
            <span class="header-content">C:\Users\roy.alcantara\Desktop\Automation\TestAutomationProject\src\main\resources\testng_PaymentGateway_UAT_QuestRegressionTest.xml</span>
          </div> <!-- main-panel-header rounded-window-top -->
          <div class="main-panel-content rounded-window-bottom">
            <pre>
&lt;?xml version=&quot;1.0&quot; encoding=&quot;UTF-8&quot;?&gt;
&lt;!DOCTYPE suite SYSTEM &quot;http://testng.org/testng-1.0.dtd&quot;&gt;
&lt;suite thread-count=&quot;10&quot; guice-stage=&quot;DEVELOPMENT&quot; name=&quot;Payment Gateway UAT Quest Regression Test Suite&quot; parallel=&quot;tests&quot;&gt;
  &lt;parameter name=&quot;environment&quot; value=&quot;uat1&quot;/&gt;
  &lt;parameter name=&quot;obsidian&quot; value=&quot;disabled&quot;/&gt;
  &lt;parameter name=&quot;paymentgateway&quot; value=&quot;quest&quot;/&gt;
  &lt;listeners&gt;
    &lt;listener class-name=&quot;com.reports.extentreportslistener.ExtentReportListener&quot;/&gt;
  &lt;/listeners&gt;
  &lt;test thread-count=&quot;10&quot; name=&quot;Regression Test Cases&quot;&gt;
    &lt;classes&gt;
      &lt;class name=&quot;com.paymentgateway.uat.domainz.testcases.RegressionSalesDB&quot;&gt;
        &lt;methods&gt;
          &lt;include name=&quot;testCreateDomainAndMajorProductOrderInSalesDB&quot;/&gt;
          &lt;include name=&quot;testDomainRegistration2WorkflowInConsoleAdmin&quot;/&gt;
          &lt;include name=&quot;testProductSetup2WorkflowInConsoleAdmin&quot;/&gt;
          &lt;include name=&quot;testPaySingleInvoiceInConsoleAdmin&quot;/&gt;
          &lt;include name=&quot;testRefundPaymentFromSalesDB&quot;/&gt;
          &lt;include name=&quot;testPayInvoiceUsingExistingCardFromSalesDB&quot;/&gt;
        &lt;/methods&gt;
      &lt;/class&gt; &lt;!-- com.paymentgateway.uat.domainz.testcases.RegressionSalesDB --&gt;
      &lt;class name=&quot;com.paymentgateway.uat.domainz.testcases.RegressionConsoleAdmin&quot;&gt;
        &lt;methods&gt;
          &lt;include name=&quot;testViewBillingInConsoleAdmin&quot;/&gt;
          &lt;include name=&quot;testUpdateExpiryInConsoleAdmin&quot;/&gt;
        &lt;/methods&gt;
      &lt;/class&gt; &lt;!-- com.paymentgateway.uat.domainz.testcases.RegressionConsoleAdmin --&gt;
      &lt;class name=&quot;com.paymentgateway.uat.netregistry.testcases.RegressionSalesDB&quot;&gt;
        &lt;methods&gt;
          &lt;include name=&quot;testCreateDomainAndMajorProductOrderInSalesDB&quot;/&gt;
          &lt;include name=&quot;testDomainRegistration2WorkflowInConsoleAdmin&quot;/&gt;
          &lt;include name=&quot;testProductSetup2WorkflowInConsoleAdmin&quot;/&gt;
          &lt;include name=&quot;testPaySingleInvoiceInConsoleAdmin&quot;/&gt;
          &lt;include name=&quot;testRefundPaymentFromSalesDB&quot;/&gt;
          &lt;include name=&quot;testPayInvoiceUsingExistingCardFromSalesDB&quot;/&gt;
        &lt;/methods&gt;
      &lt;/class&gt; &lt;!-- com.paymentgateway.uat.netregistry.testcases.RegressionSalesDB --&gt;
      &lt;class name=&quot;com.paymentgateway.uat.melbourneit.testcases.RegressionSalesDB&quot;&gt;
        &lt;methods&gt;
          &lt;include name=&quot;testCreateDomainAndMajorProductOrderInSalesDB&quot;/&gt;
          &lt;include name=&quot;testDomainRegistration2WorkflowInConsoleAdmin&quot;/&gt;
          &lt;include name=&quot;testProductSetup2WorkflowInConsoleAdmin&quot;/&gt;
        &lt;/methods&gt;
      &lt;/class&gt; &lt;!-- com.paymentgateway.uat.melbourneit.testcases.RegressionSalesDB --&gt;
      &lt;class name=&quot;com.paymentgateway.uat.tpp.testcases.RegressionSalesDB&quot;&gt;
        &lt;methods&gt;
          &lt;include name=&quot;testCreateDomainAndMajorProductOrderInSalesDB&quot;/&gt;
          &lt;include name=&quot;testDomainRegistration2WorkflowInConsoleAdmin&quot;/&gt;
          &lt;include name=&quot;testProductSetup2WorkflowInConsoleAdmin&quot;/&gt;
          &lt;include name=&quot;testPaySingleInvoiceInConsoleAdmin&quot;/&gt;
          &lt;include name=&quot;testRefundPaymentFromSalesDB&quot;/&gt;
          &lt;include name=&quot;testPayInvoiceUsingExistingCardFromSalesDB&quot;/&gt;
        &lt;/methods&gt;
      &lt;/class&gt; &lt;!-- com.paymentgateway.uat.tpp.testcases.RegressionSalesDB --&gt;
      &lt;class name=&quot;com.paymentgateway.uat.webcentral.testcases.RegressionSalesDB&quot;&gt;
        &lt;methods&gt;
          &lt;include name=&quot;testCreateDomainAndMajorProductOrderInSalesDB&quot;/&gt;
          &lt;include name=&quot;testDomainRegistration2WorkflowInConsoleAdmin&quot;/&gt;
          &lt;include name=&quot;testProductSetup2WorkflowInConsoleAdmin&quot;/&gt;
          &lt;include name=&quot;testPaySingleInvoiceInConsoleAdmin&quot;/&gt;
          &lt;include name=&quot;testRefundPaymentFromSalesDB&quot;/&gt;
          &lt;include name=&quot;testPayInvoiceUsingExistingCardFromSalesDB&quot;/&gt;
        &lt;/methods&gt;
      &lt;/class&gt; &lt;!-- com.paymentgateway.uat.webcentral.testcases.RegressionSalesDB --&gt;
      &lt;class name=&quot;com.paymentgateway.uat.dps.testcases.RegressionSalesDB&quot;&gt;
        &lt;methods&gt;
          &lt;include name=&quot;testCreateDomainAndMajorProductOrderInSalesDB&quot;/&gt;
          &lt;include name=&quot;testDomainRegistration2WorkflowInConsoleAdmin&quot;/&gt;
          &lt;include name=&quot;testProductSetup2WorkflowInConsoleAdmin&quot;/&gt;
          &lt;include name=&quot;testPaySingleInvoiceInConsoleAdmin&quot;/&gt;
          &lt;include name=&quot;testRefundPaymentFromSalesDB&quot;/&gt;
          &lt;include name=&quot;testPayInvoiceUsingExistingCardFromSalesDB&quot;/&gt;
        &lt;/methods&gt;
      &lt;/class&gt; &lt;!-- com.paymentgateway.uat.dps.testcases.RegressionSalesDB --&gt;
    &lt;/classes&gt;
  &lt;/test&gt; &lt;!-- Regression Test Cases --&gt;
&lt;/suite&gt; &lt;!-- Payment Gateway UAT Quest Regression Test Suite --&gt;
            </pre>
          </div> <!-- main-panel-content rounded-window-bottom -->
        </div> <!-- panel -->
        <div panel-name="testlist-Payment_Gateway_UAT_Quest_Regression_Test_Suite" class="panel">
          <div class="main-panel-header rounded-window-top">
            <span class="header-content">Tests for Payment Gateway UAT Quest Regression Test Suite</span>
          </div> <!-- main-panel-header rounded-window-top -->
          <div class="main-panel-content rounded-window-bottom">
            <ul>
              <li>
                <span class="test-name">Regression Test Cases (7 classes)</span>
              </li>
            </ul>
          </div> <!-- main-panel-content rounded-window-bottom -->
        </div> <!-- panel -->
        <div panel-name="group-Payment_Gateway_UAT_Quest_Regression_Test_Suite" class="panel">
          <div class="main-panel-header rounded-window-top">
            <span class="header-content">Groups for Payment Gateway UAT Quest Regression Test Suite</span>
          </div> <!-- main-panel-header rounded-window-top -->
          <div class="main-panel-content rounded-window-bottom">
          </div> <!-- main-panel-content rounded-window-bottom -->
        </div> <!-- panel -->
        <div panel-name="times-Payment_Gateway_UAT_Quest_Regression_Test_Suite" class="panel">
          <div class="main-panel-header rounded-window-top">
            <span class="header-content">Times for Payment Gateway UAT Quest Regression Test Suite</span>
          </div> <!-- main-panel-header rounded-window-top -->
          <div class="main-panel-content rounded-window-bottom">
            <div class="times-div">
              <script type="text/javascript">
suiteTableInitFunctions.push('tableData_Payment_Gateway_UAT_Quest_Regression_Test_Suite');
function tableData_Payment_Gateway_UAT_Quest_Regression_Test_Suite() {
var data = new google.visualization.DataTable();
data.addColumn('number', 'Number');
data.addColumn('string', 'Method');
data.addColumn('string', 'Class');
data.addColumn('number', 'Time (ms)');
data.addRows(35);
data.setCell(0, 0, 0)
data.setCell(0, 1, 'testProductSetup2WorkflowInConsoleAdmin')
data.setCell(0, 2, 'com.paymentgateway.uat.tpp.testcases.RegressionSalesDB')
data.setCell(0, 3, 103962);
data.setCell(1, 0, 1)
data.setCell(1, 1, 'testProductSetup2WorkflowInConsoleAdmin')
data.setCell(1, 2, 'com.paymentgateway.uat.netregistry.testcases.RegressionSalesDB')
data.setCell(1, 3, 94622);
data.setCell(2, 0, 2)
data.setCell(2, 1, 'testProductSetup2WorkflowInConsoleAdmin')
data.setCell(2, 2, 'com.paymentgateway.uat.melbourneit.testcases.RegressionSalesDB')
data.setCell(2, 3, 94238);
data.setCell(3, 0, 3)
data.setCell(3, 1, 'testProductSetup2WorkflowInConsoleAdmin')
data.setCell(3, 2, 'com.paymentgateway.uat.domainz.testcases.RegressionSalesDB')
data.setCell(3, 3, 94158);
data.setCell(4, 0, 4)
data.setCell(4, 1, 'testProductSetup2WorkflowInConsoleAdmin')
data.setCell(4, 2, 'com.paymentgateway.uat.dps.testcases.RegressionSalesDB')
data.setCell(4, 3, 94050);
data.setCell(5, 0, 5)
data.setCell(5, 1, 'testDomainRegistration2WorkflowInConsoleAdmin')
data.setCell(5, 2, 'com.paymentgateway.uat.tpp.testcases.RegressionSalesDB')
data.setCell(5, 3, 86265);
data.setCell(6, 0, 6)
data.setCell(6, 1, 'testCreateDomainAndMajorProductOrderInSalesDB')
data.setCell(6, 2, 'com.paymentgateway.uat.dps.testcases.RegressionSalesDB')
data.setCell(6, 3, 86253);
data.setCell(7, 0, 7)
data.setCell(7, 1, 'testDomainRegistration2WorkflowInConsoleAdmin')
data.setCell(7, 2, 'com.paymentgateway.uat.netregistry.testcases.RegressionSalesDB')
data.setCell(7, 3, 85879);
data.setCell(8, 0, 8)
data.setCell(8, 1, 'testCreateDomainAndMajorProductOrderInSalesDB')
data.setCell(8, 2, 'com.paymentgateway.uat.domainz.testcases.RegressionSalesDB')
data.setCell(8, 3, 82417);
data.setCell(9, 0, 9)
data.setCell(9, 1, 'testPaySingleInvoiceInConsoleAdmin')
data.setCell(9, 2, 'com.paymentgateway.uat.tpp.testcases.RegressionSalesDB')
data.setCell(9, 3, 82404);
data.setCell(10, 0, 10)
data.setCell(10, 1, 'testCreateDomainAndMajorProductOrderInSalesDB')
data.setCell(10, 2, 'com.paymentgateway.uat.melbourneit.testcases.RegressionSalesDB')
data.setCell(10, 3, 82260);
data.setCell(11, 0, 11)
data.setCell(11, 1, 'testDomainRegistration2WorkflowInConsoleAdmin')
data.setCell(11, 2, 'com.paymentgateway.uat.melbourneit.testcases.RegressionSalesDB')
data.setCell(11, 3, 82220);
data.setCell(12, 0, 12)
data.setCell(12, 1, 'testCreateDomainAndMajorProductOrderInSalesDB')
data.setCell(12, 2, 'com.paymentgateway.uat.tpp.testcases.RegressionSalesDB')
data.setCell(12, 3, 81464);
data.setCell(13, 0, 13)
data.setCell(13, 1, 'testCreateDomainAndMajorProductOrderInSalesDB')
data.setCell(13, 2, 'com.paymentgateway.uat.netregistry.testcases.RegressionSalesDB')
data.setCell(13, 3, 81368);
data.setCell(14, 0, 14)
data.setCell(14, 1, 'testPaySingleInvoiceInConsoleAdmin')
data.setCell(14, 2, 'com.paymentgateway.uat.dps.testcases.RegressionSalesDB')
data.setCell(14, 3, 81359);
data.setCell(15, 0, 15)
data.setCell(15, 1, 'testDomainRegistration2WorkflowInConsoleAdmin')
data.setCell(15, 2, 'com.paymentgateway.uat.domainz.testcases.RegressionSalesDB')
data.setCell(15, 3, 81156);
data.setCell(16, 0, 16)
data.setCell(16, 1, 'testPaySingleInvoiceInConsoleAdmin')
data.setCell(16, 2, 'com.paymentgateway.uat.netregistry.testcases.RegressionSalesDB')
data.setCell(16, 3, 80680);
data.setCell(17, 0, 17)
data.setCell(17, 1, 'testPaySingleInvoiceInConsoleAdmin')
data.setCell(17, 2, 'com.paymentgateway.uat.webcentral.testcases.RegressionSalesDB')
data.setCell(17, 3, 79929);
data.setCell(18, 0, 18)
data.setCell(18, 1, 'testPaySingleInvoiceInConsoleAdmin')
data.setCell(18, 2, 'com.paymentgateway.uat.domainz.testcases.RegressionSalesDB')
data.setCell(18, 3, 79261);
data.setCell(19, 0, 19)
data.setCell(19, 1, 'testViewBillingInConsoleAdmin')
data.setCell(19, 2, 'com.paymentgateway.uat.domainz.testcases.RegressionConsoleAdmin')
data.setCell(19, 3, 46820);
data.setCell(20, 0, 20)
data.setCell(20, 1, 'testDomainRegistration2WorkflowInConsoleAdmin')
data.setCell(20, 2, 'com.paymentgateway.uat.dps.testcases.RegressionSalesDB')
data.setCell(20, 3, 44509);
data.setCell(21, 0, 21)
data.setCell(21, 1, 'testRefundPaymentFromSalesDB')
data.setCell(21, 2, 'com.paymentgateway.uat.webcentral.testcases.RegressionSalesDB')
data.setCell(21, 3, 43723);
data.setCell(22, 0, 22)
data.setCell(22, 1, 'testRefundPaymentFromSalesDB')
data.setCell(22, 2, 'com.paymentgateway.uat.dps.testcases.RegressionSalesDB')
data.setCell(22, 3, 43714);
data.setCell(23, 0, 23)
data.setCell(23, 1, 'testPayInvoiceUsingExistingCardFromSalesDB')
data.setCell(23, 2, 'com.paymentgateway.uat.webcentral.testcases.RegressionSalesDB')
data.setCell(23, 3, 43424);
data.setCell(24, 0, 24)
data.setCell(24, 1, 'testRefundPaymentFromSalesDB')
data.setCell(24, 2, 'com.paymentgateway.uat.tpp.testcases.RegressionSalesDB')
data.setCell(24, 3, 42944);
data.setCell(25, 0, 25)
data.setCell(25, 1, 'testRefundPaymentFromSalesDB')
data.setCell(25, 2, 'com.paymentgateway.uat.domainz.testcases.RegressionSalesDB')
data.setCell(25, 3, 42667);
data.setCell(26, 0, 26)
data.setCell(26, 1, 'testRefundPaymentFromSalesDB')
data.setCell(26, 2, 'com.paymentgateway.uat.netregistry.testcases.RegressionSalesDB')
data.setCell(26, 3, 42073);
data.setCell(27, 0, 27)
data.setCell(27, 1, 'testPayInvoiceUsingExistingCardFromSalesDB')
data.setCell(27, 2, 'com.paymentgateway.uat.tpp.testcases.RegressionSalesDB')
data.setCell(27, 3, 39183);
data.setCell(28, 0, 28)
data.setCell(28, 1, 'testPayInvoiceUsingExistingCardFromSalesDB')
data.setCell(28, 2, 'com.paymentgateway.uat.dps.testcases.RegressionSalesDB')
data.setCell(28, 3, 38715);
data.setCell(29, 0, 29)
data.setCell(29, 1, 'testProductSetup2WorkflowInConsoleAdmin')
data.setCell(29, 2, 'com.paymentgateway.uat.webcentral.testcases.RegressionSalesDB')
data.setCell(29, 3, 38664);
data.setCell(30, 0, 30)
data.setCell(30, 1, 'testPayInvoiceUsingExistingCardFromSalesDB')
data.setCell(30, 2, 'com.paymentgateway.uat.domainz.testcases.RegressionSalesDB')
data.setCell(30, 3, 37617);
data.setCell(31, 0, 31)
data.setCell(31, 1, 'testPayInvoiceUsingExistingCardFromSalesDB')
data.setCell(31, 2, 'com.paymentgateway.uat.netregistry.testcases.RegressionSalesDB')
data.setCell(31, 3, 37493);
data.setCell(32, 0, 32)
data.setCell(32, 1, 'testCreateDomainAndMajorProductOrderInSalesDB')
data.setCell(32, 2, 'com.paymentgateway.uat.webcentral.testcases.RegressionSalesDB')
data.setCell(32, 3, 16454);
data.setCell(33, 0, 33)
data.setCell(33, 1, 'testUpdateExpiryInConsoleAdmin')
data.setCell(33, 2, 'com.paymentgateway.uat.domainz.testcases.RegressionConsoleAdmin')
data.setCell(33, 3, 16429);
data.setCell(34, 0, 34)
data.setCell(34, 1, 'testDomainRegistration2WorkflowInConsoleAdmin')
data.setCell(34, 2, 'com.paymentgateway.uat.webcentral.testcases.RegressionSalesDB')
data.setCell(34, 3, 9151);
window.suiteTableData['Payment_Gateway_UAT_Quest_Regression_Test_Suite']= { tableData: data, tableDiv: 'times-div-Payment_Gateway_UAT_Quest_Regression_Test_Suite'}
return data;
}
              </script>
              <span class="suite-total-time">Total running time: 36 minutes</span>
              <div id="times-div-Payment_Gateway_UAT_Quest_Regression_Test_Suite">
              </div> <!-- times-div-Payment_Gateway_UAT_Quest_Regression_Test_Suite -->
            </div> <!-- times-div -->
          </div> <!-- main-panel-content rounded-window-bottom -->
        </div> <!-- panel -->
        <div panel-name="reporter-Payment_Gateway_UAT_Quest_Regression_Test_Suite" class="panel">
          <div class="main-panel-header rounded-window-top">
            <span class="header-content">Reporter output for Payment Gateway UAT Quest Regression Test Suite</span>
          </div> <!-- main-panel-header rounded-window-top -->
          <div class="main-panel-content rounded-window-bottom">
          </div> <!-- main-panel-content rounded-window-bottom -->
        </div> <!-- panel -->
        <div panel-name="ignored-methods-Payment_Gateway_UAT_Quest_Regression_Test_Suite" class="panel">
          <div class="main-panel-header rounded-window-top">
            <span class="header-content">0 ignored methods</span>
          </div> <!-- main-panel-header rounded-window-top -->
          <div class="main-panel-content rounded-window-bottom">
          </div> <!-- main-panel-content rounded-window-bottom -->
        </div> <!-- panel -->
        <div panel-name="chronological-Payment_Gateway_UAT_Quest_Regression_Test_Suite" class="panel">
          <div class="main-panel-header rounded-window-top">
            <span class="header-content">Methods in chronological order</span>
          </div> <!-- main-panel-header rounded-window-top -->
          <div class="main-panel-content rounded-window-bottom">
            <div class="chronological-class">
              <div class="chronological-class-name">com.paymentgateway.uat.domainz.testcases.RegressionSalesDB</div> <!-- chronological-class-name -->
              <div class="test-method">
                <span class="method-name">testCreateDomainAndMajorProductOrderInSalesDB(uat1, quest)</span>
                <span class="method-start">0 ms</span>
              </div> <!-- test-method -->
              <div class="test-method">
                <span class="method-name">testDomainRegistration2WorkflowInConsoleAdmin(uat1, quest, disabled)</span>
                <span class="method-start">82428 ms</span>
              </div> <!-- test-method -->
              <div class="test-method">
                <span class="method-name">testProductSetup2WorkflowInConsoleAdmin(uat1, quest)</span>
                <span class="method-start">163584 ms</span>
              </div> <!-- test-method -->
              <div class="test-method">
                <span class="method-name">testPaySingleInvoiceInConsoleAdmin(uat1, quest)</span>
                <span class="method-start">257747 ms</span>
              </div> <!-- test-method -->
              <div class="test-method">
                <span class="method-name">testRefundPaymentFromSalesDB(uat1, quest)</span>
                <span class="method-start">337012 ms</span>
              </div> <!-- test-method -->
              <div class="test-method">
                <span class="method-name">testPayInvoiceUsingExistingCardFromSalesDB(uat1, quest)</span>
                <span class="method-start">379682 ms</span>
              </div> <!-- test-method -->
            </div> <!-- chronological-class -->
            <div class="chronological-class">
              <div class="chronological-class-name">com.paymentgateway.uat.domainz.testcases.RegressionConsoleAdmin</div> <!-- chronological-class-name -->
              <div class="test-method">
                <span class="method-name">testViewBillingInConsoleAdmin(uat1, quest)</span>
                <span class="method-start">417304 ms</span>
              </div> <!-- test-method -->
              <div class="test-method">
                <span class="method-name">testUpdateExpiryInConsoleAdmin(uat1, quest)</span>
                <span class="method-start">464125 ms</span>
              </div> <!-- test-method -->
            </div> <!-- chronological-class -->
            <div class="chronological-class">
              <div class="chronological-class-name">com.paymentgateway.uat.netregistry.testcases.RegressionSalesDB</div> <!-- chronological-class-name -->
              <div class="test-method">
                <span class="method-name">testCreateDomainAndMajorProductOrderInSalesDB(uat1, quest)</span>
                <span class="method-start">480556 ms</span>
              </div> <!-- test-method -->
              <div class="test-method">
                <span class="method-name">testDomainRegistration2WorkflowInConsoleAdmin(uat1, quest, disabled)</span>
                <span class="method-start">561928 ms</span>
              </div> <!-- test-method -->
              <div class="test-method">
                <span class="method-name">testProductSetup2WorkflowInConsoleAdmin(uat1, quest, disabled)</span>
                <span class="method-start">647808 ms</span>
              </div> <!-- test-method -->
              <div class="test-method">
                <span class="method-name">testPaySingleInvoiceInConsoleAdmin(uat1, quest)</span>
                <span class="method-start">742434 ms</span>
              </div> <!-- test-method -->
              <div class="test-method">
                <span class="method-name">testRefundPaymentFromSalesDB(uat1, quest)</span>
                <span class="method-start">823115 ms</span>
              </div> <!-- test-method -->
              <div class="test-method">
                <span class="method-name">testPayInvoiceUsingExistingCardFromSalesDB(uat1, quest)</span>
                <span class="method-start">865192 ms</span>
              </div> <!-- test-method -->
            </div> <!-- chronological-class -->
            <div class="chronological-class">
              <div class="chronological-class-name">com.paymentgateway.uat.melbourneit.testcases.RegressionSalesDB</div> <!-- chronological-class-name -->
              <div class="test-method">
                <span class="method-name">testCreateDomainAndMajorProductOrderInSalesDB(uat1, quest)</span>
                <span class="method-start">902690 ms</span>
              </div> <!-- test-method -->
              <div class="test-method">
                <span class="method-name">testDomainRegistration2WorkflowInConsoleAdmin(uat1, quest, disabled)</span>
                <span class="method-start">984953 ms</span>
              </div> <!-- test-method -->
              <div class="test-method">
                <span class="method-name">testProductSetup2WorkflowInConsoleAdmin(uat1, quest, disabled)</span>
                <span class="method-start">1067175 ms</span>
              </div> <!-- test-method -->
            </div> <!-- chronological-class -->
            <div class="chronological-class">
              <div class="chronological-class-name">com.paymentgateway.uat.tpp.testcases.RegressionSalesDB</div> <!-- chronological-class-name -->
              <div class="test-method">
                <span class="method-name">testCreateDomainAndMajorProductOrderInSalesDB(uat1, quest)</span>
                <span class="method-start">1161418 ms</span>
              </div> <!-- test-method -->
              <div class="test-method">
                <span class="method-name">testDomainRegistration2WorkflowInConsoleAdmin(uat1, quest, disabled)</span>
                <span class="method-start">1242883 ms</span>
              </div> <!-- test-method -->
              <div class="test-method">
                <span class="method-name">testProductSetup2WorkflowInConsoleAdmin(uat1, quest)</span>
                <span class="method-start">1329149 ms</span>
              </div> <!-- test-method -->
              <div class="test-method">
                <span class="method-name">testPaySingleInvoiceInConsoleAdmin(uat1, quest)</span>
                <span class="method-start">1433115 ms</span>
              </div> <!-- test-method -->
              <div class="test-method">
                <span class="method-name">testRefundPaymentFromSalesDB(uat1, quest)</span>
                <span class="method-start">1515521 ms</span>
              </div> <!-- test-method -->
              <div class="test-method">
                <span class="method-name">testPayInvoiceUsingExistingCardFromSalesDB(uat1, quest)</span>
                <span class="method-start">1558468 ms</span>
              </div> <!-- test-method -->
            </div> <!-- chronological-class -->
            <div class="chronological-class">
              <div class="chronological-class-name">com.paymentgateway.uat.webcentral.testcases.RegressionSalesDB</div> <!-- chronological-class-name -->
              <div class="test-method">
                <img src="failed.png">
                </img>
                <span class="method-name">testCreateDomainAndMajorProductOrderInSalesDB(uat1, quest)</span>
                <span class="method-start">1597657 ms</span>
              </div> <!-- test-method -->
              <div class="test-method">
                <img src="failed.png">
                </img>
                <span class="method-name">testDomainRegistration2WorkflowInConsoleAdmin(uat1, quest, disabled)</span>
                <span class="method-start">1614141 ms</span>
              </div> <!-- test-method -->
              <div class="test-method">
                <img src="failed.png">
                </img>
                <span class="method-name">testProductSetup2WorkflowInConsoleAdmin(uat1, quest)</span>
                <span class="method-start">1623297 ms</span>
              </div> <!-- test-method -->
              <div class="test-method">
                <span class="method-name">testPaySingleInvoiceInConsoleAdmin(uat1, quest)</span>
                <span class="method-start">1661963 ms</span>
              </div> <!-- test-method -->
              <div class="test-method">
                <span class="method-name">testRefundPaymentFromSalesDB(uat1, quest)</span>
                <span class="method-start">1741893 ms</span>
              </div> <!-- test-method -->
              <div class="test-method">
                <img src="failed.png">
                </img>
                <span class="method-name">testPayInvoiceUsingExistingCardFromSalesDB(uat1, quest)</span>
                <span class="method-start">1785620 ms</span>
              </div> <!-- test-method -->
            </div> <!-- chronological-class -->
            <div class="chronological-class">
              <div class="chronological-class-name">com.paymentgateway.uat.dps.testcases.RegressionSalesDB</div> <!-- chronological-class-name -->
              <div class="test-method">
                <span class="method-name">testCreateDomainAndMajorProductOrderInSalesDB(uat1, quest)</span>
                <span class="method-start">1829052 ms</span>
              </div> <!-- test-method -->
              <div class="test-method">
                <img src="failed.png">
                </img>
                <span class="method-name">testDomainRegistration2WorkflowInConsoleAdmin(uat1, quest, disabled)</span>
                <span class="method-start">1915307 ms</span>
              </div> <!-- test-method -->
              <div class="test-method">
                <span class="method-name">testProductSetup2WorkflowInConsoleAdmin(uat1, quest)</span>
                <span class="method-start">1959821 ms</span>
              </div> <!-- test-method -->
              <div class="test-method">
                <span class="method-name">testPaySingleInvoiceInConsoleAdmin(uat1, quest)</span>
                <span class="method-start">2053872 ms</span>
              </div> <!-- test-method -->
              <div class="test-method">
                <span class="method-name">testRefundPaymentFromSalesDB(uat1, quest)</span>
                <span class="method-start">2135233 ms</span>
              </div> <!-- test-method -->
              <div class="test-method">
                <span class="method-name">testPayInvoiceUsingExistingCardFromSalesDB(uat1, quest)</span>
                <span class="method-start">2178948 ms</span>
              </div> <!-- test-method -->
          </div> <!-- main-panel-content rounded-window-bottom -->
        </div> <!-- panel -->
      </div> <!-- main-panel-root -->
    </div> <!-- wrapper -->
  </body>
</html>
