<?xml version="1.0" encoding="UTF-8"?>
<!-- Generated by org.testng.reporters.JUnitReportReporter -->
<testsuite skipped="21" hostname="MIT01524" name="com.paymentgateway.ui.dmz.testcases.DomainzCustomerCartJourneyTest" tests="22" failures="1" timestamp="30 May 2018 00:09:29 GMT" time="61.581" errors="0">
  <testcase name="verifyDomainRegistrationForNewCustomer" time="61.581" classname="com.paymentgateway.ui.dmz.testcases.DomainzCustomerCartJourneyTest">
    <failure type="java.lang.AssertionError" message="operator check fraud expected [domain registration completed] but found [operator check fraud]">
      <![CDATA[java.lang.AssertionError: operator check fraud expected [domain registration completed] but found [operator check fraud]
at org.testng.Assert.fail(Assert.java:96)
at org.testng.Assert.failNotEquals(Assert.java:776)
at org.testng.Assert.assertEqualsImpl(Assert.java:137)
at org.testng.Assert.assertEquals(Assert.java:118)
at org.testng.Assert.assertEquals(Assert.java:453)
at com.paymentgateway.ui.dmz.testcases.DomainzCustomerCartJourneyTest.verifyDomainRegistrationForNewCustomer(DomainzCustomerCartJourneyTest.java:114)
at sun.reflect.NativeMethodAccessorImpl.invoke0(Native Method)
at sun.reflect.NativeMethodAccessorImpl.invoke(Unknown Source)
at sun.reflect.DelegatingMethodAccessorImpl.invoke(Unknown Source)
at java.lang.reflect.Method.invoke(Unknown Source)
at org.testng.internal.MethodInvocationHelper.invokeMethod(MethodInvocationHelper.java:124)
at org.testng.internal.Invoker.invokeMethod(Invoker.java:583)
at org.testng.internal.Invoker.invokeTestMethod(Invoker.java:719)
at org.testng.internal.Invoker.invokeTestMethods(Invoker.java:989)
at org.testng.internal.TestMethodWorker.invokeTestMethods(TestMethodWorker.java:125)
at org.testng.internal.TestMethodWorker.run(TestMethodWorker.java:109)
at org.testng.TestRunner.privateRun(TestRunner.java:648)
at org.testng.TestRunner.run(TestRunner.java:505)
at org.testng.SuiteRunner.runTest(SuiteRunner.java:455)
at org.testng.SuiteRunner.runSequentially(SuiteRunner.java:450)
at org.testng.SuiteRunner.privateRun(SuiteRunner.java:415)
at org.testng.SuiteRunner.run(SuiteRunner.java:364)
at org.testng.SuiteRunnerWorker.runSuite(SuiteRunnerWorker.java:52)
at org.testng.SuiteRunnerWorker.run(SuiteRunnerWorker.java:84)
at org.testng.TestNG.runSuitesSequentially(TestNG.java:1208)
at org.testng.TestNG.runSuitesLocally(TestNG.java:1137)
at org.testng.TestNG.runSuites(TestNG.java:1049)
at org.testng.TestNG.run(TestNG.java:1017)
at org.testng.remote.AbstractRemoteTestNG.run(AbstractRemoteTestNG.java:132)
at org.testng.remote.RemoteTestNG.initAndRun(RemoteTestNG.java:230)
at org.testng.remote.RemoteTestNG.main(RemoteTestNG.java:76)
]]>
    </failure>
  </testcase> <!-- verifyDomainRegistrationForNewCustomer -->
  <testcase name="verifyWebDesignWordpressForExistingCustomer" classname="com.paymentgateway.ui.dmz.testcases.DomainzCustomerCartJourneyTest">
    <skipped/>
  </testcase> <!-- verifyWebDesignWordpressForExistingCustomer -->
  <testcase name="verifyEmailMarketingForExistingCustomer" classname="com.paymentgateway.ui.dmz.testcases.DomainzCustomerCartJourneyTest">
    <skipped/>
  </testcase> <!-- verifyEmailMarketingForExistingCustomer -->
  <testcase name="verifyWebDesignWordpressForNewCustomer" classname="com.paymentgateway.ui.dmz.testcases.DomainzCustomerCartJourneyTest">
    <skipped/>
  </testcase> <!-- verifyWebDesignWordpressForNewCustomer -->
  <testcase name="verifyHostingAndWebsiteDoneForYouForNewCustomer" classname="com.paymentgateway.ui.dmz.testcases.DomainzCustomerCartJourneyTest">
    <skipped/>
  </testcase> <!-- verifyHostingAndWebsiteDoneForYouForNewCustomer -->
  <testcase name="verifySSLRenewalForExistingCustomer" classname="com.paymentgateway.ui.dmz.testcases.DomainzCustomerCartJourneyTest">
    <skipped/>
  </testcase> <!-- verifySSLRenewalForExistingCustomer -->
  <testcase name="verifyDomainRenewalForExistingCustomer" classname="com.paymentgateway.ui.dmz.testcases.DomainzCustomerCartJourneyTest">
    <skipped/>
  </testcase> <!-- verifyDomainRenewalForExistingCustomer -->
  <testcase name="verifySEOForNewCustomer" classname="com.paymentgateway.ui.dmz.testcases.DomainzCustomerCartJourneyTest">
    <skipped/>
  </testcase> <!-- verifySEOForNewCustomer -->
  <testcase name="verifySSLForExistingCustomer" classname="com.paymentgateway.ui.dmz.testcases.DomainzCustomerCartJourneyTest">
    <skipped/>
  </testcase> <!-- verifySSLForExistingCustomer -->
  <testcase name="verifyProductRenewalForExistingCustomer" classname="com.paymentgateway.ui.dmz.testcases.DomainzCustomerCartJourneyTest">
    <skipped/>
  </testcase> <!-- verifyProductRenewalForExistingCustomer -->
  <testcase name="verifySocialMediaAdvertisingForExistingCustomer" classname="com.paymentgateway.ui.dmz.testcases.DomainzCustomerCartJourneyTest">
    <skipped/>
  </testcase> <!-- verifySocialMediaAdvertisingForExistingCustomer -->
  <testcase name="verifySEOForExistingCustomer" classname="com.paymentgateway.ui.dmz.testcases.DomainzCustomerCartJourneyTest">
    <skipped/>
  </testcase> <!-- verifySEOForExistingCustomer -->
  <testcase name="verifyDomainTransferForExistingCustomer" classname="com.paymentgateway.ui.dmz.testcases.DomainzCustomerCartJourneyTest">
    <skipped/>
  </testcase> <!-- verifyDomainTransferForExistingCustomer -->
  <testcase name="verifyEmailMarketingForNewCustomer" classname="com.paymentgateway.ui.dmz.testcases.DomainzCustomerCartJourneyTest">
    <skipped/>
  </testcase> <!-- verifyEmailMarketingForNewCustomer -->
  <testcase name="verifyHostingAndWebsiteDoneForYouForExistingCustomer" classname="com.paymentgateway.ui.dmz.testcases.DomainzCustomerCartJourneyTest">
    <skipped/>
  </testcase> <!-- verifyHostingAndWebsiteDoneForYouForExistingCustomer -->
  <testcase name="verifyOutstandingInvoicesForExistingCustomer" classname="com.paymentgateway.ui.dmz.testcases.DomainzCustomerCartJourneyTest">
    <skipped/>
  </testcase> <!-- verifyOutstandingInvoicesForExistingCustomer -->
  <testcase name="verifySSLForNewCustomer" classname="com.paymentgateway.ui.dmz.testcases.DomainzCustomerCartJourneyTest">
    <skipped/>
  </testcase> <!-- verifySSLForNewCustomer -->
  <testcase name="verifyHostingSignupForExistingCustomer" classname="com.paymentgateway.ui.dmz.testcases.DomainzCustomerCartJourneyTest">
    <skipped/>
  </testcase> <!-- verifyHostingSignupForExistingCustomer -->
  <testcase name="verifyOffice365ForExistingCustomer" classname="com.paymentgateway.ui.dmz.testcases.DomainzCustomerCartJourneyTest">
    <skipped/>
  </testcase> <!-- verifyOffice365ForExistingCustomer -->
  <testcase name="verifyHostingSignupForNewCustomer" classname="com.paymentgateway.ui.dmz.testcases.DomainzCustomerCartJourneyTest">
    <skipped/>
  </testcase> <!-- verifyHostingSignupForNewCustomer -->
  <testcase name="verifySocialMediaAdvertisingForNewCustomer" classname="com.paymentgateway.ui.dmz.testcases.DomainzCustomerCartJourneyTest">
    <skipped/>
  </testcase> <!-- verifySocialMediaAdvertisingForNewCustomer -->
  <testcase name="verifyDomainRegistrationForExistingCustomer" classname="com.paymentgateway.ui.dmz.testcases.DomainzCustomerCartJourneyTest">
    <skipped/>
  </testcase> <!-- verifyDomainRegistrationForExistingCustomer -->
</testsuite> <!-- com.paymentgateway.ui.dmz.testcases.DomainzCustomerCartJourneyTest -->
