<?xml version="1.0" encoding="UTF-8"?>
<!-- Generated by org.testng.reporters.JUnitXMLReporter -->
<testsuite hostname="MIT01524" ignored="0" name="AU Project Regression Test Cases" tests="1" failures="1" timestamp="02 Sep 2019 00:41:45 GMT" time="0.045" errors="0">
  <testcase name="testDomainRegistration2WorkflowForCom" time="0.0" classname="com.consoleregression.workflowtest.testcases.TestDomainRegistration2WorkflowForCom">
    <failure type="org.testng.TestNGException" message="
Parameter &amp;apos;virtualization&amp;apos; is required by @Test on method testDomainRegistration2WorkflowForCom but has not been marked @Optional or defined
in C:\Users\roy.alcantara\Desktop\Automation\TestAutomationProject\src\main\resources\testng_AUProjectRegression_DEV2.xml">
      <![CDATA[org.testng.TestNGException: 
Parameter 'virtualization' is required by @Test on method testDomainRegistration2WorkflowForCom but has not been marked @Optional or defined
in C:\Users\roy.alcantara\Desktop\Automation\TestAutomationProject\src\main\resources\testng_AUProjectRegression_DEV2.xml
at java.util.concurrent.FutureTask.run(Unknown Source)
at java.util.concurrent.ThreadPoolExecutor.runWorker(Unknown Source)
at java.util.concurrent.ThreadPoolExecutor$Worker.run(Unknown Source)
at java.lang.Thread.run(Unknown Source)
... Removed 15 stack frames]]>
    </failure>
  </testcase> <!-- testDomainRegistration2WorkflowForCom -->
</testsuite> <!-- AU Project Regression Test Cases -->
